{"/home/travis/build/npmtest/node-npmtest-readline-sync/test.js":{"path":"/home/travis/build/npmtest/node-npmtest-readline-sync/test.js","s":{"1":2,"2":2,"3":2,"4":2,"5":2,"6":2,"7":2,"8":1,"9":2,"10":2,"11":1,"12":1,"13":1,"14":1,"15":2,"16":2,"17":2,"18":2,"19":1,"20":1,"21":2,"22":2,"23":2,"24":1,"25":1,"26":1,"27":1,"28":1,"29":1,"30":1,"31":1,"32":1,"33":1,"34":1,"35":1,"36":1,"37":1,"38":1,"39":2,"40":2,"41":1,"42":2,"43":2,"44":1,"45":2,"46":2,"47":1,"48":2,"49":2,"50":1,"51":1,"52":1,"53":1,"54":1},"b":{"1":[2,1,1,1],"2":[1,1,1,1],"3":[1,1],"4":[1,1],"5":[1,1],"6":[1,1],"7":[1,1],"8":[1,1],"9":[1,1],"10":[1,1,1],"11":[1,1],"12":[1,1],"13":[1,1],"14":[1,1],"15":[1,1],"16":[1,1],"17":[1,1]},"f":{"1":2,"2":2,"3":2,"4":2,"5":2,"6":1,"7":1,"8":1,"9":2,"10":2,"11":2,"12":2,"13":1},"fnMap":{"1":{"name":"(anonymous_1)","line":12,"loc":{"start":{"line":12,"column":1},"end":{"line":12,"column":13}}},"2":{"name":"(anonymous_2)","line":19,"loc":{"start":{"line":19,"column":5},"end":{"line":19,"column":17}}},"3":{"name":"(anonymous_3)","line":23,"loc":{"start":{"line":23,"column":24},"end":{"line":23,"column":36}}},"4":{"name":"(anonymous_4)","line":61,"loc":{"start":{"line":61,"column":5},"end":{"line":61,"column":17}}},"5":{"name":"(anonymous_5)","line":82,"loc":{"start":{"line":82,"column":5},"end":{"line":82,"column":17}}},"6":{"name":"(anonymous_6)","line":91,"loc":{"start":{"line":91,"column":77},"end":{"line":94,"column":10}}},"7":{"name":"(anonymous_7)","line":112,"loc":{"start":{"line":112,"column":83},"end":{"line":115,"column":10}},"skip":true},"8":{"name":"(anonymous_8)","line":123,"loc":{"start":{"line":123,"column":77},"end":{"line":126,"column":10}},"skip":true},"9":{"name":"(anonymous_9)","line":139,"loc":{"start":{"line":139,"column":12},"end":{"line":139,"column":40}},"skip":true},"10":{"name":"(anonymous_10)","line":147,"loc":{"start":{"line":147,"column":77},"end":{"line":150,"column":10}},"skip":true},"11":{"name":"(anonymous_11)","line":158,"loc":{"start":{"line":158,"column":83},"end":{"line":161,"column":10}},"skip":true},"12":{"name":"(anonymous_12)","line":169,"loc":{"start":{"line":169,"column":79},"end":{"line":172,"column":10}},"skip":true},"13":{"name":"(anonymous_13)","line":180,"loc":{"start":{"line":180,"column":75},"end":{"line":183,"column":10}},"skip":true}},"statementMap":{"1":{"start":{"line":12,"column":0},"end":{"line":195,"column":5}},"2":{"start":{"line":14,"column":4},"end":{"line":14,"column":14}},"3":{"start":{"line":19,"column":4},"end":{"line":56,"column":9}},"4":{"start":{"line":21,"column":8},"end":{"line":21,"column":19}},"5":{"start":{"line":23,"column":8},"end":{"line":35,"column":13}},"6":{"start":{"line":24,"column":12},"end":{"line":34,"column":13}},"7":{"start":{"line":25,"column":16},"end":{"line":28,"column":30}},"8":{"start":{"line":30,"column":16},"end":{"line":33,"column":27}},"9":{"start":{"line":37,"column":8},"end":{"line":39,"column":21}},"10":{"start":{"line":40,"column":8},"end":{"line":53,"column":9}},"11":{"start":{"line":43,"column":12},"end":{"line":46,"column":14}},"12":{"start":{"line":47,"column":12},"end":{"line":47,"column":18}},"13":{"start":{"line":50,"column":12},"end":{"line":51,"column":46}},"14":{"start":{"line":52,"column":12},"end":{"line":52,"column":18}},"15":{"start":{"line":55,"column":8},"end":{"line":55,"column":35}},"16":{"start":{"line":61,"column":4},"end":{"line":63,"column":9}},"17":{"start":{"line":62,"column":8},"end":{"line":62,"column":15}},"18":{"start":{"line":64,"column":4},"end":{"line":77,"column":5}},"19":{"start":{"line":70,"column":8},"end":{"line":70,"column":14}},"20":{"start":{"line":76,"column":8},"end":{"line":76,"column":14}},"21":{"start":{"line":82,"column":4},"end":{"line":84,"column":9}},"22":{"start":{"line":83,"column":8},"end":{"line":83,"column":15}},"23":{"start":{"line":85,"column":4},"end":{"line":194,"column":5}},"24":{"start":{"line":91,"column":8},"end":{"line":99,"column":10}},"25":{"start":{"line":98,"column":12},"end":{"line":98,"column":35}},"26":{"start":{"line":102,"column":8},"end":{"line":104,"column":63}},"27":{"start":{"line":105,"column":8},"end":{"line":105,"column":14}},"28":{"start":{"line":112,"column":8},"end":{"line":121,"column":10},"skip":true},"29":{"start":{"line":119,"column":12},"end":{"line":119,"column":55},"skip":true},"30":{"start":{"line":120,"column":12},"end":{"line":120,"column":48},"skip":true},"31":{"start":{"line":123,"column":8},"end":{"line":136,"column":10},"skip":true},"32":{"start":{"line":130,"column":12},"end":{"line":130,"column":76},"skip":true},"33":{"start":{"line":131,"column":12},"end":{"line":131,"column":73},"skip":true},"34":{"start":{"line":132,"column":12},"end":{"line":132,"column":74},"skip":true},"35":{"start":{"line":133,"column":12},"end":{"line":133,"column":79},"skip":true},"36":{"start":{"line":134,"column":12},"end":{"line":134,"column":25},"skip":true},"37":{"start":{"line":135,"column":12},"end":{"line":135,"column":45},"skip":true},"38":{"start":{"line":138,"column":8},"end":{"line":145,"column":14},"skip":true},"39":{"start":{"line":143,"column":16},"end":{"line":143,"column":29},"skip":true},"40":{"start":{"line":144,"column":16},"end":{"line":144,"column":55},"skip":true},"41":{"start":{"line":147,"column":8},"end":{"line":156,"column":10},"skip":true},"42":{"start":{"line":154,"column":12},"end":{"line":154,"column":25},"skip":true},"43":{"start":{"line":155,"column":12},"end":{"line":155,"column":45},"skip":true},"44":{"start":{"line":158,"column":8},"end":{"line":167,"column":10},"skip":true},"45":{"start":{"line":165,"column":12},"end":{"line":165,"column":25},"skip":true},"46":{"start":{"line":166,"column":12},"end":{"line":166,"column":48},"skip":true},"47":{"start":{"line":169,"column":8},"end":{"line":178,"column":10},"skip":true},"48":{"start":{"line":176,"column":12},"end":{"line":176,"column":25},"skip":true},"49":{"start":{"line":177,"column":12},"end":{"line":177,"column":46},"skip":true},"50":{"start":{"line":180,"column":8},"end":{"line":189,"column":10},"skip":true},"51":{"start":{"line":187,"column":12},"end":{"line":187,"column":94},"skip":true},"52":{"start":{"line":188,"column":12},"end":{"line":188,"column":48},"skip":true},"53":{"start":{"line":192,"column":8},"end":{"line":192,"column":35},"skip":true},"54":{"start":{"line":193,"column":8},"end":{"line":193,"column":14},"skip":true}},"branchMap":{"1":{"line":25,"type":"binary-expr","locations":[{"start":{"line":25,"column":23},"end":{"line":25,"column":62}},{"start":{"line":26,"column":20},"end":{"line":26,"column":70}},{"start":{"line":27,"column":20},"end":{"line":27,"column":71}},{"start":{"line":28,"column":20},"end":{"line":28,"column":29}}]},"2":{"line":30,"type":"binary-expr","locations":[{"start":{"line":30,"column":23},"end":{"line":30,"column":37}},{"start":{"line":31,"column":20},"end":{"line":31,"column":61}},{"start":{"line":32,"column":20},"end":{"line":32,"column":70}},{"start":{"line":33,"column":20},"end":{"line":33,"column":26}}]},"3":{"line":37,"type":"cond-expr","locations":[{"start":{"line":38,"column":14},"end":{"line":38,"column":20}},{"start":{"line":39,"column":14},"end":{"line":39,"column":20}}]},"4":{"line":40,"type":"switch","locations":[{"start":{"line":42,"column":8},"end":{"line":47,"column":18}},{"start":{"line":49,"column":8},"end":{"line":52,"column":18}}]},"5":{"line":44,"type":"binary-expr","locations":[{"start":{"line":44,"column":16},"end":{"line":44,"column":44}},{"start":{"line":44,"column":48},"end":{"line":44,"column":66}}]},"6":{"line":50,"type":"binary-expr","locations":[{"start":{"line":50,"column":21},"end":{"line":50,"column":49}},{"start":{"line":50,"column":53},"end":{"line":50,"column":72}}]},"7":{"line":64,"type":"switch","locations":[{"start":{"line":69,"column":4},"end":{"line":70,"column":14}},{"start":{"line":75,"column":4},"end":{"line":76,"column":14}}]},"8":{"line":85,"type":"switch","locations":[{"start":{"line":90,"column":4},"end":{"line":105,"column":14}},{"start":{"line":111,"column":4},"end":{"line":193,"column":14},"skip":true}]},"9":{"line":91,"type":"binary-expr","locations":[{"start":{"line":91,"column":42},"end":{"line":91,"column":73}},{"start":{"line":91,"column":77},"end":{"line":99,"column":9}}]},"10":{"line":102,"type":"binary-expr","locations":[{"start":{"line":102,"column":18},"end":{"line":102,"column":32}},{"start":{"line":103,"column":12},"end":{"line":103,"column":53}},{"start":{"line":104,"column":12},"end":{"line":104,"column":61}}]},"11":{"line":112,"type":"binary-expr","locations":[{"start":{"line":112,"column":45},"end":{"line":112,"column":79},"skip":true},{"start":{"line":112,"column":83},"end":{"line":121,"column":9},"skip":true}]},"12":{"line":123,"type":"binary-expr","locations":[{"start":{"line":123,"column":42},"end":{"line":123,"column":73},"skip":true},{"start":{"line":123,"column":77},"end":{"line":136,"column":9},"skip":true}]},"13":{"line":138,"type":"binary-expr","locations":[{"start":{"line":138,"column":48},"end":{"line":138,"column":85},"skip":true},{"start":{"line":139,"column":12},"end":{"line":145,"column":13},"skip":true}]},"14":{"line":147,"type":"binary-expr","locations":[{"start":{"line":147,"column":42},"end":{"line":147,"column":73},"skip":true},{"start":{"line":147,"column":77},"end":{"line":156,"column":9},"skip":true}]},"15":{"line":158,"type":"binary-expr","locations":[{"start":{"line":158,"column":45},"end":{"line":158,"column":79},"skip":true},{"start":{"line":158,"column":83},"end":{"line":167,"column":9},"skip":true}]},"16":{"line":169,"type":"binary-expr","locations":[{"start":{"line":169,"column":43},"end":{"line":169,"column":75},"skip":true},{"start":{"line":169,"column":79},"end":{"line":178,"column":9},"skip":true}]},"17":{"line":180,"type":"binary-expr","locations":[{"start":{"line":180,"column":41},"end":{"line":180,"column":71},"skip":true},{"start":{"line":180,"column":75},"end":{"line":189,"column":9},"skip":true}]}},"code":["/* istanbul instrument in package npmtest_readline_sync */","/*jslint","    bitwise: true,","    browser: true,","    maxerr: 8,","    maxlen: 96,","    node: true,","    nomen: true,","    regexp: true,","    stupid: true","*/","(function () {","    'use strict';","    var local;","","","","    // run shared js-env code - pre-init","    (function () {","        // init local","        local = {};","        // init modeJs","        local.modeJs = (function () {","            try {","                return typeof navigator.userAgent === 'string' &&","                    typeof document.querySelector('body') === 'object' &&","                    typeof XMLHttpRequest.prototype.open === 'function' &&","                    'browser';","            } catch (errorCaughtBrowser) {","                return module.exports &&","                    typeof process.versions.node === 'string' &&","                    typeof require('http').createServer === 'function' &&","                    'node';","            }","        }());","        // init global","        local.global = local.modeJs === 'browser'","            ? window","            : global;","        switch (local.modeJs) {","        // re-init local from window.local","        case 'browser':","            local = local.global.utility2.objectSetDefault(","                local.global.utility2_rollup || local.global.local,","                local.global.utility2","            );","            break;","        // re-init local from example.js","        case 'node':","            local = (local.global.utility2_rollup || require('utility2'))","                .requireExampleJsFromReadme();","            break;","        }","        // export local","        local.global.local = local;","    }());","","","","    // run shared js-env code - function","    (function () {","        return;","    }());","    switch (local.modeJs) {","","","","    // run browser js-env code - function","    case 'browser':","        break;","","","","    // run node js-env code - function","    case 'node':","        break;","    }","","","","    // run shared js-env code - post-init","    (function () {","        return;","    }());","    switch (local.modeJs) {","","","","    // run browser js-env code - post-init","    case 'browser':","        local.testCase_browser_nullCase = local.testCase_browser_nullCase || function (","            options,","            onError","        ) {","        /*","         * this function will test browsers's null-case handling-behavior-behavior","         */","            onError(null, options);","        };","","        // run tests","        local.nop(local.modeTest &&","            document.querySelector('#testRunButton1') &&","            document.querySelector('#testRunButton1').click());","        break;","","","","    // run node js-env code - post-init","    /* istanbul ignore next */","    case 'node':","        local.testCase_buildApidoc_default = local.testCase_buildApidoc_default || function (","            options,","            onError","        ) {","        /*","         * this function will test buildApidoc's default handling-behavior-behavior","         */","            options = { modulePathList: module.paths };","            local.buildApidoc(options, onError);","        };","","        local.testCase_buildApp_default = local.testCase_buildApp_default || function (","            options,","            onError","        ) {","        /*","         * this function will test buildApp's default handling-behavior-behavior","         */","            local.testCase_buildReadme_default(options, local.onErrorThrow);","            local.testCase_buildLib_default(options, local.onErrorThrow);","            local.testCase_buildTest_default(options, local.onErrorThrow);","            local.testCase_buildCustomOrg_default(options, local.onErrorThrow);","            options = [];","            local.buildApp(options, onError);","        };","","        local.testCase_buildCustomOrg_default = local.testCase_buildCustomOrg_default ||","            function (options, onError) {","            /*","             * this function will test buildCustomOrg's default handling-behavior","             */","                options = {};","                local.buildCustomOrg(options, onError);","            };","","        local.testCase_buildLib_default = local.testCase_buildLib_default || function (","            options,","            onError","        ) {","        /*","         * this function will test buildLib's default handling-behavior","         */","            options = {};","            local.buildLib(options, onError);","        };","","        local.testCase_buildReadme_default = local.testCase_buildReadme_default || function (","            options,","            onError","        ) {","        /*","         * this function will test buildReadme's default handling-behavior-behavior","         */","            options = {};","            local.buildReadme(options, onError);","        };","","        local.testCase_buildTest_default = local.testCase_buildTest_default || function (","            options,","            onError","        ) {","        /*","         * this function will test buildTest's default handling-behavior","         */","            options = {};","            local.buildTest(options, onError);","        };","","        local.testCase_webpage_default = local.testCase_webpage_default || function (","            options,","            onError","        ) {","        /*","         * this function will test webpage's default handling-behavior","         */","            options = { modeCoverageMerge: true, url: local.serverLocalHost + '?modeTest=1' };","            local.browserTest(options, onError);","        };","","        // run test-server","        local.testRunServer(local);","        break;","    }","}());",""],"l":{"12":2,"14":2,"19":2,"21":2,"23":2,"24":2,"25":2,"30":1,"37":2,"40":2,"43":1,"47":1,"50":1,"52":1,"55":2,"61":2,"62":2,"64":2,"70":1,"76":1,"82":2,"83":2,"85":2,"91":1,"98":1,"102":1,"105":1,"112":1,"119":1,"120":1,"123":1,"130":1,"131":1,"132":1,"133":1,"134":1,"135":1,"138":1,"143":2,"144":2,"147":1,"154":2,"155":2,"158":1,"165":2,"166":2,"169":1,"176":2,"177":2,"180":1,"187":1,"188":1,"192":1,"193":1}},"/home/travis/build/npmtest/node-npmtest-readline-sync/lib.npmtest_readline_sync.js":{"path":"/home/travis/build/npmtest/node-npmtest-readline-sync/lib.npmtest_readline_sync.js","s":{"1":2,"2":2,"3":2,"4":2,"5":2,"6":2,"7":2,"8":1,"9":2,"10":2,"11":2,"12":2,"13":1,"14":1,"15":1,"16":1},"b":{"1":[2,1,1,1],"2":[1,1,1,1],"3":[1,1],"4":[2,2],"5":[1,1]},"f":{"1":2,"2":2,"3":2},"fnMap":{"1":{"name":"(anonymous_1)","line":12,"loc":{"start":{"line":12,"column":1},"end":{"line":12,"column":13}}},"2":{"name":"(anonymous_2)","line":19,"loc":{"start":{"line":19,"column":5},"end":{"line":19,"column":17}}},"3":{"name":"(anonymous_3)","line":23,"loc":{"start":{"line":23,"column":24},"end":{"line":23,"column":36}}}},"statementMap":{"1":{"start":{"line":12,"column":0},"end":{"line":53,"column":5}},"2":{"start":{"line":14,"column":4},"end":{"line":14,"column":14}},"3":{"start":{"line":19,"column":4},"end":{"line":52,"column":9}},"4":{"start":{"line":21,"column":8},"end":{"line":21,"column":19}},"5":{"start":{"line":23,"column":8},"end":{"line":35,"column":13}},"6":{"start":{"line":24,"column":12},"end":{"line":34,"column":13}},"7":{"start":{"line":25,"column":16},"end":{"line":28,"column":30}},"8":{"start":{"line":30,"column":16},"end":{"line":33,"column":27}},"9":{"start":{"line":37,"column":8},"end":{"line":39,"column":21}},"10":{"start":{"line":41,"column":8},"end":{"line":41,"column":54}},"11":{"start":{"line":43,"column":8},"end":{"line":43,"column":58}},"12":{"start":{"line":45,"column":8},"end":{"line":51,"column":9}},"13":{"start":{"line":46,"column":12},"end":{"line":46,"column":64}},"14":{"start":{"line":48,"column":12},"end":{"line":48,"column":35}},"15":{"start":{"line":49,"column":12},"end":{"line":49,"column":49}},"16":{"start":{"line":50,"column":12},"end":{"line":50,"column":43}}},"branchMap":{"1":{"line":25,"type":"binary-expr","locations":[{"start":{"line":25,"column":23},"end":{"line":25,"column":62}},{"start":{"line":26,"column":20},"end":{"line":26,"column":70}},{"start":{"line":27,"column":20},"end":{"line":27,"column":71}},{"start":{"line":28,"column":20},"end":{"line":28,"column":29}}]},"2":{"line":30,"type":"binary-expr","locations":[{"start":{"line":30,"column":23},"end":{"line":30,"column":37}},{"start":{"line":31,"column":20},"end":{"line":31,"column":61}},{"start":{"line":32,"column":20},"end":{"line":32,"column":70}},{"start":{"line":33,"column":20},"end":{"line":33,"column":26}}]},"3":{"line":37,"type":"cond-expr","locations":[{"start":{"line":38,"column":14},"end":{"line":38,"column":20}},{"start":{"line":39,"column":14},"end":{"line":39,"column":20}}]},"4":{"line":41,"type":"binary-expr","locations":[{"start":{"line":41,"column":16},"end":{"line":41,"column":44}},{"start":{"line":41,"column":48},"end":{"line":41,"column":53}}]},"5":{"line":45,"type":"if","locations":[{"start":{"line":45,"column":8},"end":{"line":45,"column":8}},{"start":{"line":45,"column":8},"end":{"line":45,"column":8}}]}},"code":["/* istanbul instrument in package npmtest_readline_sync */","/*jslint","    bitwise: true,","    browser: true,","    maxerr: 8,","    maxlen: 96,","    node: true,","    nomen: true,","    regexp: true,","    stupid: true","*/","(function () {","    'use strict';","    var local;","","","","    // run shared js-env code - pre-init","    (function () {","        // init local","        local = {};","        // init modeJs","        local.modeJs = (function () {","            try {","                return typeof navigator.userAgent === 'string' &&","                    typeof document.querySelector('body') === 'object' &&","                    typeof XMLHttpRequest.prototype.open === 'function' &&","                    'browser';","            } catch (errorCaughtBrowser) {","                return module.exports &&","                    typeof process.versions.node === 'string' &&","                    typeof require('http').createServer === 'function' &&","                    'node';","            }","        }());","        // init global","        local.global = local.modeJs === 'browser'","            ? window","            : global;","        // init utility2_rollup","        local = local.global.utility2_rollup || local;","        // init lib","        local.local = local.npmtest_readline_sync = local;","        // init exports","        if (local.modeJs === 'browser') {","            local.global.utility2_npmtest_readline_sync = local;","        } else {","            module.exports = local;","            module.exports.__dirname = __dirname;","            module.exports.module = module;","        }","    }());","}());",""],"l":{"12":2,"14":2,"19":2,"21":2,"23":2,"24":2,"25":2,"30":1,"37":2,"41":2,"43":2,"45":2,"46":1,"48":1,"49":1,"50":1}},"/home/travis/build/npmtest/node-npmtest-readline-sync/example.js":{"path":"/home/travis/build/npmtest/node-npmtest-readline-sync/example.js","s":{"1":2,"2":2,"3":2,"4":2,"5":2,"6":2,"7":2,"8":1,"9":2,"10":2,"11":2,"12":2,"13":1,"14":2,"15":2,"16":2,"17":2,"18":2,"19":0,"20":2,"21":1,"22":1,"23":1,"24":1,"25":1,"26":0,"27":0,"28":1,"29":1,"30":2,"31":0,"32":0,"33":0,"34":1,"35":2,"36":2,"37":3,"38":3,"39":3,"40":3,"41":0,"42":3,"43":3,"44":3,"45":1,"46":3,"47":1,"48":1,"49":1,"50":1,"51":1,"52":1,"53":1,"54":1,"55":1,"56":1,"57":0,"58":1,"59":6,"60":6,"61":1,"62":2,"63":0,"64":2,"65":1,"66":1,"67":0,"68":0,"69":0,"70":0,"71":0,"72":0,"73":0,"74":0,"75":0,"76":0,"77":0,"78":0,"79":0,"80":0,"81":0,"82":0,"83":0},"b":{"1":[2,1,1,1],"2":[1,1,1,1],"3":[1,1],"4":[2,2],"5":[1,1],"6":[1,1],"7":[2,0],"8":[2,1,1,1,1,1],"9":[0,2,0],"10":[1,1],"11":[2,1,1],"12":[1,0],"13":[0,2],"14":[2,0,0,0,0,0,0],"15":[0,3],"16":[3,0],"17":[1,1],"18":[0,1],"19":[1,2,0,2],"20":[1,0],"21":[1,1],"22":[0,0],"23":[0,0],"24":[0,0],"25":[0,0],"26":[0,0],"27":[0,0],"28":[0,0]},"f":{"1":2,"2":2,"3":2,"4":2,"5":2,"6":2,"7":3,"8":3,"9":3,"10":1,"11":6,"12":0},"fnMap":{"1":{"name":"(anonymous_1)","line":26,"loc":{"start":{"line":26,"column":1},"end":{"line":26,"column":13}}},"2":{"name":"(anonymous_2)","line":33,"loc":{"start":{"line":33,"column":5},"end":{"line":33,"column":17}}},"3":{"name":"(anonymous_3)","line":37,"loc":{"start":{"line":37,"column":24},"end":{"line":37,"column":36}}},"4":{"name":"(anonymous_4)","line":69,"loc":{"start":{"line":69,"column":31},"end":{"line":69,"column":48}},"skip":true},"5":{"name":"(anonymous_5)","line":78,"loc":{"start":{"line":78,"column":26},"end":{"line":78,"column":45}},"skip":true},"6":{"name":"(anonymous_6)","line":123,"loc":{"start":{"line":123,"column":33},"end":{"line":123,"column":48}},"skip":true},"7":{"name":"(anonymous_7)","line":125,"loc":{"start":{"line":125,"column":27},"end":{"line":125,"column":39}},"skip":true},"8":{"name":"(anonymous_8)","line":133,"loc":{"start":{"line":133,"column":59},"end":{"line":133,"column":74}},"skip":true},"9":{"name":"(anonymous_9)","line":143,"loc":{"start":{"line":143,"column":45},"end":{"line":143,"column":62}},"skip":true},"10":{"name":"(anonymous_10)","line":144,"loc":{"start":{"line":144,"column":73},"end":{"line":144,"column":92}},"skip":true},"11":{"name":"(anonymous_11)","line":272,"loc":{"start":{"line":272,"column":51},"end":{"line":272,"column":77}},"skip":true},"12":{"name":"(anonymous_12)","line":315,"loc":{"start":{"line":315,"column":32},"end":{"line":315,"column":61}},"skip":true}},"statementMap":{"1":{"start":{"line":26,"column":0},"end":{"line":326,"column":5}},"2":{"start":{"line":28,"column":4},"end":{"line":28,"column":14}},"3":{"start":{"line":33,"column":4},"end":{"line":60,"column":9}},"4":{"start":{"line":35,"column":8},"end":{"line":35,"column":19}},"5":{"start":{"line":37,"column":8},"end":{"line":49,"column":13}},"6":{"start":{"line":38,"column":12},"end":{"line":48,"column":13}},"7":{"start":{"line":39,"column":16},"end":{"line":42,"column":30}},"8":{"start":{"line":44,"column":16},"end":{"line":47,"column":27}},"9":{"start":{"line":51,"column":8},"end":{"line":53,"column":21}},"10":{"start":{"line":55,"column":8},"end":{"line":57,"column":45}},"11":{"start":{"line":59,"column":8},"end":{"line":59,"column":35}},"12":{"start":{"line":61,"column":4},"end":{"line":325,"column":5}},"13":{"start":{"line":69,"column":8},"end":{"line":121,"column":10},"skip":true},"14":{"start":{"line":70,"column":12},"end":{"line":88,"column":13},"skip":true},"15":{"start":{"line":76,"column":16},"end":{"line":87,"column":19},"skip":true},"16":{"start":{"line":79,"column":20},"end":{"line":86,"column":21},"skip":true},"17":{"start":{"line":82,"column":24},"end":{"line":82,"column":43},"skip":true},"18":{"start":{"line":83,"column":24},"end":{"line":83,"column":30},"skip":true},"19":{"start":{"line":85,"column":24},"end":{"line":85,"column":49},"skip":true},"20":{"start":{"line":89,"column":12},"end":{"line":107,"column":13},"skip":true},"21":{"start":{"line":92,"column":16},"end":{"line":102,"column":17},"skip":true},"22":{"start":{"line":93,"column":20},"end":{"line":93,"column":86},"skip":true},"23":{"start":{"line":94,"column":20},"end":{"line":95,"column":45},"skip":true},"24":{"start":{"line":96,"column":20},"end":{"line":96,"column":42},"skip":true},"25":{"start":{"line":97,"column":20},"end":{"line":97,"column":48},"skip":true},"26":{"start":{"line":100,"column":20},"end":{"line":100,"column":85},"skip":true},"27":{"start":{"line":101,"column":20},"end":{"line":101,"column":96},"skip":true},"28":{"start":{"line":103,"column":16},"end":{"line":103,"column":22},"skip":true},"29":{"start":{"line":106,"column":16},"end":{"line":106,"column":22},"skip":true},"30":{"start":{"line":108,"column":12},"end":{"line":120,"column":13},"skip":true},"31":{"start":{"line":114,"column":16},"end":{"line":119,"column":17},"skip":true},"32":{"start":{"line":116,"column":20},"end":{"line":116,"column":78},"skip":true},"33":{"start":{"line":118,"column":20},"end":{"line":118,"column":47},"skip":true},"34":{"start":{"line":123,"column":8},"end":{"line":141,"column":11},"skip":true},"35":{"start":{"line":124,"column":12},"end":{"line":124,"column":54},"skip":true},"36":{"start":{"line":125,"column":12},"end":{"line":140,"column":14},"skip":true},"37":{"start":{"line":126,"column":16},"end":{"line":126,"column":28},"skip":true},"38":{"start":{"line":127,"column":16},"end":{"line":127,"column":69},"skip":true},"39":{"start":{"line":128,"column":16},"end":{"line":128,"column":75},"skip":true},"40":{"start":{"line":129,"column":16},"end":{"line":131,"column":17},"skip":true},"41":{"start":{"line":130,"column":20},"end":{"line":130,"column":27},"skip":true},"42":{"start":{"line":133,"column":16},"end":{"line":137,"column":36},"skip":true},"43":{"start":{"line":134,"column":20},"end":{"line":136,"column":55},"skip":true},"44":{"start":{"line":139,"column":16},"end":{"line":139,"column":57},"skip":true},"45":{"start":{"line":143,"column":8},"end":{"line":147,"column":11},"skip":true},"46":{"start":{"line":144,"column":12},"end":{"line":146,"column":15},"skip":true},"47":{"start":{"line":145,"column":16},"end":{"line":145,"column":70},"skip":true},"48":{"start":{"line":149,"column":8},"end":{"line":149,"column":31},"skip":true},"49":{"start":{"line":150,"column":8},"end":{"line":150,"column":14},"skip":true},"50":{"start":{"line":158,"column":8},"end":{"line":158,"column":31},"skip":true},"51":{"start":{"line":160,"column":8},"end":{"line":160,"column":33},"skip":true},"52":{"start":{"line":161,"column":8},"end":{"line":161,"column":37},"skip":true},"53":{"start":{"line":162,"column":8},"end":{"line":162,"column":35},"skip":true},"54":{"start":{"line":164,"column":8},"end":{"line":164,"column":50},"skip":true},"55":{"start":{"line":166,"column":8},"end":{"line":256,"column":2},"skip":true},"56":{"start":{"line":258,"column":8},"end":{"line":286,"column":9},"skip":true},"57":{"start":{"line":259,"column":12},"end":{"line":269,"column":14},"skip":true},"58":{"start":{"line":271,"column":12},"end":{"line":285,"column":19},"skip":true},"59":{"start":{"line":274,"column":20},"end":{"line":274,"column":35},"skip":true},"60":{"start":{"line":275,"column":20},"end":{"line":284,"column":21},"skip":true},"61":{"start":{"line":277,"column":24},"end":{"line":277,"column":64},"skip":true},"62":{"start":{"line":279,"column":24},"end":{"line":279,"column":40},"skip":true},"63":{"start":{"line":281,"column":24},"end":{"line":281,"column":40},"skip":true},"64":{"start":{"line":283,"column":24},"end":{"line":283,"column":39},"skip":true},"65":{"start":{"line":288,"column":8},"end":{"line":290,"column":9},"skip":true},"66":{"start":{"line":289,"column":12},"end":{"line":289,"column":18},"skip":true},"67":{"start":{"line":291,"column":8},"end":{"line":293,"column":54},"skip":true},"68":{"start":{"line":296,"column":8},"end":{"line":301,"column":37},"skip":true},"69":{"start":{"line":303,"column":8},"end":{"line":303,"column":82},"skip":true},"70":{"start":{"line":306,"column":8},"end":{"line":308,"column":9},"skip":true},"71":{"start":{"line":307,"column":12},"end":{"line":307,"column":82},"skip":true},"72":{"start":{"line":310,"column":8},"end":{"line":312,"column":9},"skip":true},"73":{"start":{"line":311,"column":12},"end":{"line":311,"column":18},"skip":true},"74":{"start":{"line":313,"column":8},"end":{"line":313,"column":54},"skip":true},"75":{"start":{"line":314,"column":8},"end":{"line":314,"column":69},"skip":true},"76":{"start":{"line":315,"column":8},"end":{"line":323,"column":36},"skip":true},"77":{"start":{"line":316,"column":12},"end":{"line":316,"column":61},"skip":true},"78":{"start":{"line":317,"column":12},"end":{"line":320,"column":13},"skip":true},"79":{"start":{"line":318,"column":16},"end":{"line":318,"column":75},"skip":true},"80":{"start":{"line":319,"column":16},"end":{"line":319,"column":23},"skip":true},"81":{"start":{"line":321,"column":12},"end":{"line":321,"column":38},"skip":true},"82":{"start":{"line":322,"column":12},"end":{"line":322,"column":27},"skip":true},"83":{"start":{"line":324,"column":8},"end":{"line":324,"column":14},"skip":true}},"branchMap":{"1":{"line":39,"type":"binary-expr","locations":[{"start":{"line":39,"column":23},"end":{"line":39,"column":62}},{"start":{"line":40,"column":20},"end":{"line":40,"column":70}},{"start":{"line":41,"column":20},"end":{"line":41,"column":71}},{"start":{"line":42,"column":20},"end":{"line":42,"column":29}}]},"2":{"line":44,"type":"binary-expr","locations":[{"start":{"line":44,"column":23},"end":{"line":44,"column":37}},{"start":{"line":45,"column":20},"end":{"line":45,"column":61}},{"start":{"line":46,"column":20},"end":{"line":46,"column":70}},{"start":{"line":47,"column":20},"end":{"line":47,"column":26}}]},"3":{"line":51,"type":"cond-expr","locations":[{"start":{"line":52,"column":14},"end":{"line":52,"column":20}},{"start":{"line":53,"column":14},"end":{"line":53,"column":20}}]},"4":{"line":55,"type":"binary-expr","locations":[{"start":{"line":55,"column":16},"end":{"line":55,"column":44}},{"start":{"line":55,"column":49},"end":{"line":57,"column":43}}]},"5":{"line":55,"type":"cond-expr","locations":[{"start":{"line":56,"column":14},"end":{"line":56,"column":57}},{"start":{"line":57,"column":14},"end":{"line":57,"column":43}}]},"6":{"line":61,"type":"switch","locations":[{"start":{"line":68,"column":4},"end":{"line":150,"column":14},"skip":true},{"start":{"line":156,"column":4},"end":{"line":324,"column":14},"skip":true}]},"7":{"line":70,"type":"if","locations":[{"start":{"line":70,"column":12},"end":{"line":70,"column":12},"skip":true},{"start":{"line":70,"column":12},"end":{"line":70,"column":12},"skip":true}]},"8":{"line":70,"type":"binary-expr","locations":[{"start":{"line":70,"column":16},"end":{"line":70,"column":22},"skip":true},{"start":{"line":70,"column":27},"end":{"line":70,"column":32},"skip":true},{"start":{"line":71,"column":20},"end":{"line":71,"column":39},"skip":true},{"start":{"line":72,"column":20},"end":{"line":72,"column":49},"skip":true},{"start":{"line":73,"column":20},"end":{"line":73,"column":58},"skip":true},{"start":{"line":74,"column":20},"end":{"line":74,"column":69},"skip":true}]},"9":{"line":79,"type":"switch","locations":[{"start":{"line":80,"column":20},"end":{"line":80,"column":33},"skip":true},{"start":{"line":81,"column":20},"end":{"line":83,"column":30},"skip":true},{"start":{"line":84,"column":20},"end":{"line":85,"column":49},"skip":true}]},"10":{"line":89,"type":"switch","locations":[{"start":{"line":90,"column":12},"end":{"line":103,"column":22},"skip":true},{"start":{"line":105,"column":12},"end":{"line":106,"column":22},"skip":true}]},"11":{"line":89,"type":"binary-expr","locations":[{"start":{"line":89,"column":20},"end":{"line":89,"column":25},"skip":true},{"start":{"line":89,"column":29},"end":{"line":89,"column":48},"skip":true},{"start":{"line":89,"column":52},"end":{"line":89,"column":74},"skip":true}]},"12":{"line":92,"type":"if","locations":[{"start":{"line":92,"column":16},"end":{"line":92,"column":16},"skip":true},{"start":{"line":92,"column":16},"end":{"line":92,"column":16},"skip":true}]},"13":{"line":108,"type":"if","locations":[{"start":{"line":108,"column":12},"end":{"line":108,"column":12},"skip":true},{"start":{"line":108,"column":12},"end":{"line":108,"column":12},"skip":true}]},"14":{"line":108,"type":"binary-expr","locations":[{"start":{"line":108,"column":16},"end":{"line":108,"column":61},"skip":true},{"start":{"line":108,"column":66},"end":{"line":108,"column":72},"skip":true},{"start":{"line":108,"column":77},"end":{"line":108,"column":82},"skip":true},{"start":{"line":109,"column":20},"end":{"line":109,"column":39},"skip":true},{"start":{"line":110,"column":20},"end":{"line":110,"column":49},"skip":true},{"start":{"line":111,"column":20},"end":{"line":111,"column":58},"skip":true},{"start":{"line":112,"column":20},"end":{"line":112,"column":68},"skip":true}]},"15":{"line":129,"type":"if","locations":[{"start":{"line":129,"column":16},"end":{"line":129,"column":16},"skip":true},{"start":{"line":129,"column":16},"end":{"line":129,"column":16},"skip":true}]},"16":{"line":134,"type":"cond-expr","locations":[{"start":{"line":135,"column":26},"end":{"line":135,"column":29},"skip":true},{"start":{"line":136,"column":26},"end":{"line":136,"column":54},"skip":true}]},"17":{"line":164,"type":"binary-expr","locations":[{"start":{"line":164,"column":27},"end":{"line":164,"column":43},"skip":true},{"start":{"line":164,"column":47},"end":{"line":164,"column":49},"skip":true}]},"18":{"line":258,"type":"if","locations":[{"start":{"line":258,"column":8},"end":{"line":258,"column":8},"skip":true},{"start":{"line":258,"column":8},"end":{"line":258,"column":8},"skip":true}]},"19":{"line":275,"type":"switch","locations":[{"start":{"line":276,"column":20},"end":{"line":277,"column":64},"skip":true},{"start":{"line":278,"column":20},"end":{"line":279,"column":40},"skip":true},{"start":{"line":280,"column":20},"end":{"line":281,"column":40},"skip":true},{"start":{"line":282,"column":20},"end":{"line":283,"column":39},"skip":true}]},"20":{"line":288,"type":"if","locations":[{"start":{"line":288,"column":8},"end":{"line":288,"column":8},"skip":true},{"start":{"line":288,"column":8},"end":{"line":288,"column":8},"skip":true}]},"21":{"line":288,"type":"binary-expr","locations":[{"start":{"line":288,"column":12},"end":{"line":288,"column":40},"skip":true},{"start":{"line":288,"column":44},"end":{"line":288,"column":67},"skip":true}]},"22":{"line":292,"type":"binary-expr","locations":[{"start":{"line":292,"column":12},"end":{"line":292,"column":50},"skip":true},{"start":{"line":293,"column":12},"end":{"line":293,"column":53},"skip":true}]},"23":{"line":297,"type":"binary-expr","locations":[{"start":{"line":297,"column":12},"end":{"line":297,"column":71},"skip":true},{"start":{"line":298,"column":12},"end":{"line":301,"column":36},"skip":true}]},"24":{"line":303,"type":"binary-expr","locations":[{"start":{"line":303,"column":43},"end":{"line":303,"column":75},"skip":true},{"start":{"line":303,"column":79},"end":{"line":303,"column":81},"skip":true}]},"25":{"line":306,"type":"if","locations":[{"start":{"line":306,"column":8},"end":{"line":306,"column":8},"skip":true},{"start":{"line":306,"column":8},"end":{"line":306,"column":8},"skip":true}]},"26":{"line":310,"type":"if","locations":[{"start":{"line":310,"column":8},"end":{"line":310,"column":8},"skip":true},{"start":{"line":310,"column":8},"end":{"line":310,"column":8},"skip":true}]},"27":{"line":313,"type":"binary-expr","locations":[{"start":{"line":313,"column":27},"end":{"line":313,"column":43},"skip":true},{"start":{"line":313,"column":47},"end":{"line":313,"column":53},"skip":true}]},"28":{"line":317,"type":"if","locations":[{"start":{"line":317,"column":12},"end":{"line":317,"column":12},"skip":true},{"start":{"line":317,"column":12},"end":{"line":317,"column":12},"skip":true}]}},"code":["/*","example.js","","quickstart example","","instruction","    1. save this script as example.js","    2. run the shell command:","        $ npm install npmtest-readline-sync && PORT=8081 node example.js","    3. play with the browser-demo on http://127.0.0.1:8081","*/","","","","/* istanbul instrument in package npmtest_readline_sync */","/*jslint","    bitwise: true,","    browser: true,","    maxerr: 8,","    maxlen: 96,","    node: true,","    nomen: true,","    regexp: true,","    stupid: true","*/","(function () {","    'use strict';","    var local;","","","","    // run shared js-env code - pre-init","    (function () {","        // init local","        local = {};","        // init modeJs","        local.modeJs = (function () {","            try {","                return typeof navigator.userAgent === 'string' &&","                    typeof document.querySelector('body') === 'object' &&","                    typeof XMLHttpRequest.prototype.open === 'function' &&","                    'browser';","            } catch (errorCaughtBrowser) {","                return module.exports &&","                    typeof process.versions.node === 'string' &&","                    typeof require('http').createServer === 'function' &&","                    'node';","            }","        }());","        // init global","        local.global = local.modeJs === 'browser'","            ? window","            : global;","        // init utility2_rollup","        local = local.global.utility2_rollup || (local.modeJs === 'browser'","            ? local.global.utility2_npmtest_readline_sync","            : global.utility2_moduleExports);","        // export local","        local.global.local = local;","    }());","    switch (local.modeJs) {","","","","    // post-init","    // run browser js-env code - post-init","    /* istanbul ignore next */","    case 'browser':","        local.testRunBrowser = function (event) {","            if (!event || (event &&","                    event.currentTarget &&","                    event.currentTarget.className &&","                    event.currentTarget.className.includes &&","                    event.currentTarget.className.includes('onreset'))) {","                // reset output","                Array.from(","                    document.querySelectorAll('body > .resettable')","                ).forEach(function (element) {","                    switch (element.tagName) {","                    case 'INPUT':","                    case 'TEXTAREA':","                        element.value = '';","                        break;","                    default:","                        element.textContent = '';","                    }","                });","            }","            switch (event && event.currentTarget && event.currentTarget.id) {","            case 'testRunButton1':","                // show tests","                if (document.querySelector('#testReportDiv1').style.display === 'none') {","                    document.querySelector('#testReportDiv1').style.display = 'block';","                    document.querySelector('#testRunButton1').textContent =","                        'hide internal test';","                    local.modeTest = true;","                    local.testRunDefault(local);","                // hide tests","                } else {","                    document.querySelector('#testReportDiv1').style.display = 'none';","                    document.querySelector('#testRunButton1').textContent = 'run internal test';","                }","                break;","            // custom-case","            default:","                break;","            }","            if (document.querySelector('#inputTextareaEval1') && (!event || (event &&","                    event.currentTarget &&","                    event.currentTarget.className &&","                    event.currentTarget.className.includes &&","                    event.currentTarget.className.includes('oneval')))) {","                // try to eval input-code","                try {","                    /*jslint evil: true*/","                    eval(document.querySelector('#inputTextareaEval1').value);","                } catch (errorCaught) {","                    console.error(errorCaught);","                }","            }","        };","        // log stderr and stdout to #outputTextareaStdout1","        ['error', 'log'].forEach(function (key) {","            console[key + '_original'] = console[key];","            console[key] = function () {","                var element;","                console[key + '_original'].apply(console, arguments);","                element = document.querySelector('#outputTextareaStdout1');","                if (!element) {","                    return;","                }","                // append text to #outputTextareaStdout1","                element.value += Array.from(arguments).map(function (arg) {","                    return typeof arg === 'string'","                        ? arg","                        : JSON.stringify(arg, null, 4);","                }).join(' ') + '\\n';","                // scroll textarea to bottom","                element.scrollTop = element.scrollHeight;","            };","        });","        // init event-handling","        ['change', 'click', 'keyup'].forEach(function (event) {","            Array.from(document.querySelectorAll('.on' + event)).forEach(function (element) {","                element.addEventListener(event, local.testRunBrowser);","            });","        });","        // run tests","        local.testRunBrowser();","        break;","","","","    // run node js-env code - post-init","    /* istanbul ignore next */","    case 'node':","        // export local","        module.exports = local;","        // require modules","        local.fs = require('fs');","        local.http = require('http');","        local.url = require('url');","        // init assets","        local.assetsDict = local.assetsDict || {};","        /* jslint-ignore-begin */","        local.assetsDict['/assets.index.template.html'] = '\\","<!doctype html>\\n\\","<html lang=\"en\">\\n\\","<head>\\n\\","<meta charset=\"UTF-8\">\\n\\","<meta name=\"viewport\" content=\"width=device-width, initial-scale=1\">\\n\\","<title>{{env.npm_package_name}} (v{{env.npm_package_version}})</title>\\n\\","<style>\\n\\","/*csslint\\n\\","    box-sizing: false,\\n\\","    universal-selector: false\\n\\","*/\\n\\","* {\\n\\","    box-sizing: border-box;\\n\\","}\\n\\","body {\\n\\","    background: #dde;\\n\\","    font-family: Arial, Helvetica, sans-serif;\\n\\","    margin: 2rem;\\n\\","}\\n\\","body > * {\\n\\","    margin-bottom: 1rem;\\n\\","}\\n\\",".utility2FooterDiv {\\n\\","    margin-top: 20px;\\n\\","    text-align: center;\\n\\","}\\n\\","</style>\\n\\","<style>\\n\\","/*csslint\\n\\","*/\\n\\","textarea {\\n\\","    font-family: monospace;\\n\\","    height: 10rem;\\n\\","    width: 100%;\\n\\","}\\n\\","textarea[readonly] {\\n\\","    background: #ddd;\\n\\","}\\n\\","</style>\\n\\","</head>\\n\\","<body>\\n\\","<!-- utility2-comment\\n\\","<div id=\"ajaxProgressDiv1\" style=\"background: #d00; height: 2px; left: 0; margin: 0; padding: 0; position: fixed; top: 0; transition: background 0.5s, width 1.5s; width: 25%;\"></div>\\n\\","utility2-comment -->\\n\\","<h1>\\n\\","<!-- utility2-comment\\n\\","    <a\\n\\","        {{#if env.npm_package_homepage}}\\n\\","        href=\"{{env.npm_package_homepage}}\"\\n\\","        {{/if env.npm_package_homepage}}\\n\\","        target=\"_blank\"\\n\\","    >\\n\\","utility2-comment -->\\n\\","        {{env.npm_package_name}} (v{{env.npm_package_version}})\\n\\","<!-- utility2-comment\\n\\","    </a>\\n\\","utility2-comment -->\\n\\","</h1>\\n\\","<h3>{{env.npm_package_description}}</h3>\\n\\","<!-- utility2-comment\\n\\","<h4><a download href=\"assets.app.js\">download standalone app</a></h4>\\n\\","<button class=\"onclick onreset\" id=\"testRunButton1\">run internal test</button><br>\\n\\","<div id=\"testReportDiv1\" style=\"display: none;\"></div>\\n\\","utility2-comment -->\\n\\","\\n\\","\\n\\","\\n\\","<label>stderr and stdout</label>\\n\\","<textarea class=\"resettable\" id=\"outputTextareaStdout1\" readonly></textarea>\\n\\","<!-- utility2-comment\\n\\","{{#if isRollup}}\\n\\","<script src=\"assets.app.js\"></script>\\n\\","{{#unless isRollup}}\\n\\","utility2-comment -->\\n\\","<script src=\"assets.utility2.rollup.js\"></script>\\n\\","<script src=\"jsonp.utility2._stateInit?callback=window.utility2._stateInit\"></script>\\n\\","<script src=\"assets.npmtest_readline_sync.rollup.js\"></script>\\n\\","<script src=\"assets.example.js\"></script>\\n\\","<script src=\"assets.test.js\"></script>\\n\\","<!-- utility2-comment\\n\\","{{/if isRollup}}\\n\\","utility2-comment -->\\n\\","<div class=\"utility2FooterDiv\">\\n\\","    [ this app was created with\\n\\","    <a href=\"https://github.com/kaizhu256/node-utility2\" target=\"_blank\">utility2</a>\\n\\","    ]\\n\\","</div>\\n\\","</body>\\n\\","</html>\\n\\","';","        /* jslint-ignore-end */","        if (local.templateRender) {","            local.assetsDict['/'] = local.templateRender(","                local.assetsDict['/assets.index.template.html'],","                {","                    env: local.objectSetDefault(local.env, {","                        npm_package_description: 'the greatest app in the world!',","                        npm_package_name: 'my-app',","                        npm_package_nameAlias: 'my_app',","                        npm_package_version: '0.0.1'","                    })","                }","            );","        } else {","            local.assetsDict['/'] = local.assetsDict['/assets.index.template.html']","                .replace((/\\{\\{env\\.(\\w+?)\\}\\}/g), function (match0, match1) {","                    // jslint-hack","                    String(match0);","                    switch (match1) {","                    case 'npm_package_description':","                        return 'the greatest app in the world!';","                    case 'npm_package_name':","                        return 'my-app';","                    case 'npm_package_nameAlias':","                        return 'my_app';","                    case 'npm_package_version':","                        return '0.0.1';","                    }","                });","        }","        // run the cli","        if (local.global.utility2_rollup || module !== require.main) {","            break;","        }","        local.assetsDict['/assets.example.js'] =","            local.assetsDict['/assets.example.js'] ||","            local.fs.readFileSync(__filename, 'utf8');","        // bug-workaround - long $npm_package_buildCustomOrg","        /* jslint-ignore-begin */","        local.assetsDict['/assets.npmtest_readline_sync.rollup.js'] =","            local.assetsDict['/assets.npmtest_readline_sync.rollup.js'] ||","            local.fs.readFileSync(","                local.npmtest_readline_sync.__dirname + '/lib.npmtest_readline_sync.js',","                'utf8'","            ).replace((/^#!/), '//');","        /* jslint-ignore-end */","        local.assetsDict['/favicon.ico'] = local.assetsDict['/favicon.ico'] || '';","        // if $npm_config_timeout_exit exists,","        // then exit this process after $npm_config_timeout_exit ms","        if (Number(process.env.npm_config_timeout_exit)) {","            setTimeout(process.exit, Number(process.env.npm_config_timeout_exit));","        }","        // start server","        if (local.global.utility2_serverHttp1) {","            break;","        }","        process.env.PORT = process.env.PORT || '8081';","        console.error('server starting on port ' + process.env.PORT);","        local.http.createServer(function (request, response) {","            request.urlParsed = local.url.parse(request.url);","            if (local.assetsDict[request.urlParsed.pathname] !== undefined) {","                response.end(local.assetsDict[request.urlParsed.pathname]);","                return;","            }","            response.statusCode = 404;","            response.end();","        }).listen(process.env.PORT);","        break;","    }","}());",""],"l":{"26":2,"28":2,"33":2,"35":2,"37":2,"38":2,"39":2,"44":1,"51":2,"55":2,"59":2,"61":2,"69":1,"70":2,"76":2,"79":2,"82":2,"83":2,"85":1,"89":2,"92":1,"93":1,"94":1,"96":1,"97":1,"100":1,"101":1,"103":1,"106":1,"108":2,"114":1,"116":1,"118":1,"123":1,"124":2,"125":2,"126":3,"127":3,"128":3,"129":3,"130":1,"133":3,"134":3,"139":3,"143":1,"144":3,"145":1,"149":1,"150":1,"158":1,"160":1,"161":1,"162":1,"164":1,"166":1,"258":1,"259":1,"271":1,"274":6,"275":6,"277":1,"279":2,"281":1,"283":2,"288":1,"289":1,"291":1,"296":1,"303":1,"306":1,"307":1,"310":1,"311":1,"313":1,"314":1,"315":1,"316":1,"317":1,"318":1,"319":1,"321":1,"322":1,"324":1}},"/home/travis/build/npmtest/node-npmtest-readline-sync/node_modules/readline-sync/lib/readline-sync.js":{"path":"/home/travis/build/npmtest/node-npmtest-readline-sync/node_modules/readline-sync/lib/readline-sync.js","s":{"1":1,"2":1,"3":1,"4":0,"5":0,"6":0,"7":0,"8":0,"9":0,"10":0,"11":0,"12":0,"13":0,"14":0,"15":0,"16":1,"17":1,"18":0,"19":0,"20":0,"21":0,"22":0,"23":0,"24":0,"25":0,"26":0,"27":0,"28":0,"29":0,"30":0,"31":0,"32":0,"33":0,"34":0,"35":0,"36":0,"37":0,"38":0,"39":0,"40":0,"41":0,"42":0,"43":0,"44":0,"45":0,"46":0,"47":0,"48":0,"49":0,"50":0,"51":0,"52":0,"53":0,"54":0,"55":0,"56":0,"57":0,"58":0,"59":0,"60":0,"61":0,"62":0,"63":0,"64":0,"65":0,"66":0,"67":0,"68":1,"69":0,"70":0,"71":0,"72":0,"73":0,"74":0,"75":0,"76":0,"77":0,"78":0,"79":0,"80":0,"81":0,"82":0,"83":0,"84":0,"85":0,"86":0,"87":0,"88":0,"89":0,"90":0,"91":0,"92":0,"93":0,"94":0,"95":0,"96":0,"97":0,"98":0,"99":0,"100":0,"101":1,"102":0,"103":1,"104":0,"105":0,"106":0,"107":0,"108":0,"109":0,"110":0,"111":0,"112":1,"113":0,"114":0,"115":0,"116":0,"117":0,"118":0,"119":0,"120":0,"121":0,"122":0,"123":0,"124":0,"125":0,"126":0,"127":0,"128":0,"129":0,"130":0,"131":0,"132":0,"133":0,"134":0,"135":0,"136":0,"137":0,"138":0,"139":0,"140":0,"141":0,"142":0,"143":0,"144":0,"145":0,"146":0,"147":0,"148":0,"149":0,"150":0,"151":0,"152":0,"153":0,"154":0,"155":0,"156":0,"157":0,"158":0,"159":0,"160":1,"161":0,"162":0,"163":0,"164":0,"165":0,"166":0,"167":0,"168":0,"169":0,"170":0,"171":0,"172":0,"173":0,"174":0,"175":0,"176":0,"177":0,"178":0,"179":0,"180":0,"181":0,"182":0,"183":0,"184":0,"185":0,"186":0,"187":0,"188":0,"189":0,"190":0,"191":0,"192":0,"193":0,"194":0,"195":0,"196":0,"197":0,"198":0,"199":0,"200":0,"201":0,"202":0,"203":0,"204":0,"205":0,"206":0,"207":0,"208":0,"209":0,"210":0,"211":0,"212":0,"213":0,"214":0,"215":0,"216":0,"217":1,"218":0,"219":1,"220":0,"221":0,"222":0,"223":0,"224":0,"225":0,"226":0,"227":0,"228":1,"229":0,"230":0,"231":1,"232":0,"233":0,"234":0,"235":0,"236":0,"237":0,"238":0,"239":0,"240":0,"241":0,"242":0,"243":0,"244":0,"245":0,"246":0,"247":0,"248":0,"249":0,"250":0,"251":0,"252":0,"253":0,"254":0,"255":0,"256":0,"257":0,"258":0,"259":0,"260":0,"261":0,"262":0,"263":0,"264":0,"265":0,"266":0,"267":0,"268":0,"269":0,"270":0,"271":0,"272":0,"273":0,"274":0,"275":1,"276":0,"277":0,"278":0,"279":1,"280":0,"281":0,"282":0,"283":1,"284":0,"285":1,"286":0,"287":0,"288":0,"289":1,"290":0,"291":1,"292":0,"293":0,"294":0,"295":0,"296":0,"297":0,"298":0,"299":0,"300":0,"301":0,"302":0,"303":0,"304":0,"305":0,"306":0,"307":0,"308":0,"309":0,"310":0,"311":0,"312":0,"313":0,"314":0,"315":0,"316":0,"317":0,"318":0,"319":1,"320":0,"321":1,"322":0,"323":0,"324":0,"325":0,"326":0,"327":0,"328":0,"329":0,"330":0,"331":0,"332":0,"333":0,"334":0,"335":0,"336":0,"337":0,"338":0,"339":0,"340":0,"341":0,"342":0,"343":0,"344":0,"345":0,"346":0,"347":0,"348":0,"349":0,"350":0,"351":0,"352":0,"353":0,"354":0,"355":1,"356":0,"357":0,"358":0,"359":0,"360":0,"361":0,"362":0,"363":0,"364":0,"365":1,"366":0,"367":0,"368":0,"369":0,"370":0,"371":0,"372":0,"373":0,"374":0,"375":0,"376":0,"377":1,"378":0,"379":1,"380":0,"381":1,"382":0,"383":1,"384":0,"385":0,"386":0,"387":0,"388":0,"389":0,"390":0,"391":0,"392":0,"393":0,"394":0,"395":0,"396":0,"397":0,"398":0,"399":0,"400":0,"401":0,"402":0,"403":0,"404":0,"405":0,"406":0,"407":0,"408":0,"409":0,"410":0,"411":0,"412":0,"413":0,"414":0,"415":0,"416":0,"417":0,"418":0,"419":0,"420":0,"421":0,"422":0,"423":0,"424":0,"425":0,"426":0,"427":0,"428":0,"429":0,"430":0,"431":0,"432":1,"433":0,"434":1,"435":0,"436":1,"437":0,"438":1,"439":0,"440":0,"441":1,"442":0,"443":0,"444":1,"445":0,"446":1,"447":0,"448":0,"449":0,"450":1,"451":0,"452":0,"453":0,"454":0,"455":0,"456":0,"457":0,"458":0,"459":0,"460":0,"461":0,"462":0,"463":0,"464":0,"465":0,"466":0,"467":1,"468":0,"469":0,"470":0,"471":1,"472":0,"473":0,"474":0,"475":0,"476":0,"477":0,"478":0,"479":0,"480":0,"481":0,"482":0,"483":0,"484":0,"485":0,"486":0,"487":0,"488":0,"489":0,"490":0,"491":0,"492":0,"493":0,"494":0,"495":0,"496":1,"497":0,"498":1,"499":0,"500":0,"501":0,"502":0,"503":1,"504":0,"505":0,"506":1,"507":0,"508":1,"509":0,"510":0,"511":0,"512":0,"513":1,"514":0,"515":0,"516":0,"517":0,"518":0,"519":0,"520":0,"521":0,"522":0,"523":0,"524":0,"525":0,"526":0,"527":0,"528":0,"529":0,"530":0,"531":0,"532":0,"533":0,"534":0,"535":0,"536":0,"537":0,"538":0,"539":0,"540":0,"541":0,"542":0,"543":0,"544":0,"545":0,"546":0,"547":0,"548":0,"549":0,"550":0,"551":0,"552":0,"553":0,"554":0,"555":0,"556":0,"557":1,"558":0,"559":0,"560":0,"561":0,"562":0,"563":0,"564":0,"565":0,"566":0,"567":0,"568":0,"569":0,"570":0,"571":0,"572":0,"573":0,"574":0,"575":0,"576":0,"577":0,"578":0,"579":0,"580":0,"581":0,"582":1,"583":0,"584":0,"585":0,"586":0,"587":0,"588":1,"589":0,"590":0,"591":0,"592":0,"593":0,"594":1,"595":0,"596":0,"597":0,"598":0,"599":0,"600":0,"601":0,"602":0,"603":1,"604":0,"605":0,"606":1,"607":0,"608":0,"609":0,"610":0,"611":0,"612":0,"613":0,"614":1,"615":0,"616":1,"617":0,"618":1,"619":0,"620":0,"621":0,"622":0,"623":0,"624":0,"625":1,"626":0,"627":0,"628":0,"629":0,"630":0,"631":0,"632":0,"633":0,"634":0,"635":0,"636":0,"637":0,"638":0,"639":0,"640":0,"641":0,"642":0,"643":0,"644":0,"645":0,"646":0,"647":0,"648":0,"649":1,"650":0,"651":1,"652":0,"653":0,"654":0,"655":0,"656":0,"657":1,"658":0,"659":1,"660":0,"661":1,"662":0,"663":1,"664":0,"665":1,"666":0},"b":{"1":[0,0],"2":[0,0],"3":[0,0],"4":[0,0],"5":[0,0],"6":[0,0],"7":[0,0],"8":[0,0],"9":[0,0],"10":[0,0],"11":[0,0],"12":[0,0],"13":[0,0],"14":[0,0],"15":[0,0],"16":[0,0],"17":[0,0],"18":[0,0],"19":[0,0],"20":[0,0],"21":[0,0],"22":[0,0,0,0],"23":[0,0],"24":[0,0],"25":[0,0],"26":[0,0],"27":[0,0],"28":[0,0],"29":[0,0],"30":[0,0],"31":[0,0],"32":[0,0],"33":[0,0,0,0,0,0],"34":[0,0],"35":[0,0],"36":[0,0],"37":[0,0],"38":[0,0],"39":[0,0],"40":[0,0],"41":[0,0],"42":[0,0,0,0,0],"43":[0,0],"44":[0,0],"45":[0,0],"46":[0,0],"47":[0,0],"48":[0,0],"49":[0,0],"50":[0,0],"51":[0,0],"52":[0,0],"53":[0,0],"54":[0,0],"55":[0,0],"56":[0,0],"57":[0,0],"58":[0,0],"59":[0,0],"60":[0,0],"61":[0,0],"62":[0,0],"63":[0,0],"64":[0,0],"65":[0,0,0,0],"66":[0,0],"67":[0,0],"68":[0,0],"69":[0,0],"70":[0,0],"71":[0,0],"72":[0,0],"73":[0,0],"74":[0,0],"75":[0,0],"76":[0,0],"77":[0,0],"78":[0,0],"79":[0,0],"80":[0,0],"81":[0,0],"82":[0,0],"83":[0,0],"84":[0,0],"85":[0,0],"86":[0,0],"87":[0,0],"88":[0,0],"89":[0,0,0,0,0,0,0,0,0,0,0,0,0,0,0,0,0,0,0,0],"90":[0,0],"91":[0,0],"92":[0,0],"93":[0,0],"94":[0,0],"95":[0,0,0,0],"96":[0,0],"97":[0,0],"98":[0,0],"99":[0,0],"100":[0,0],"101":[0,0],"102":[0,0],"103":[0,0],"104":[0,0],"105":[0,0],"106":[0,0],"107":[0,0],"108":[0,0],"109":[0,0],"110":[0,0],"111":[0,0],"112":[0,0],"113":[0,0],"114":[0,0],"115":[0,0],"116":[0,0],"117":[0,0],"118":[0,0],"119":[0,0],"120":[0,0],"121":[0,0],"122":[0,0],"123":[0,0],"124":[0,0,0],"125":[0,0],"126":[0,0],"127":[0,0],"128":[0,0],"129":[0,0],"130":[0,0,0,0,0,0,0,0,0,0,0,0,0,0,0,0,0,0,0,0,0,0,0],"131":[0,0],"132":[0,0],"133":[0,0],"134":[0,0],"135":[0,0],"136":[0,0],"137":[0,0],"138":[0,0],"139":[0,0],"140":[0,0],"141":[0,0],"142":[0,0],"143":[0,0],"144":[0,0],"145":[0,0],"146":[0,0],"147":[0,0,0],"148":[0,0],"149":[0,0],"150":[0,0],"151":[0,0],"152":[0,0],"153":[0,0],"154":[0,0],"155":[0,0],"156":[0,0],"157":[0,0],"158":[0,0],"159":[0,0],"160":[0,0],"161":[0,0],"162":[0,0],"163":[0,0],"164":[0,0],"165":[0,0,0],"166":[0,0],"167":[0,0],"168":[0,0],"169":[0,0],"170":[0,0],"171":[0,0],"172":[0,0],"173":[0,0],"174":[0,0],"175":[0,0],"176":[0,0],"177":[0,0],"178":[0,0],"179":[0,0],"180":[0,0],"181":[0,0],"182":[0,0],"183":[0,0],"184":[0,0],"185":[0,0],"186":[0,0],"187":[0,0],"188":[0,0],"189":[0,0],"190":[0,0],"191":[0,0],"192":[0,0],"193":[0,0],"194":[0,0],"195":[0,0],"196":[0,0,0,0],"197":[0,0],"198":[0,0],"199":[0,0],"200":[0,0],"201":[0,0],"202":[0,0,0,0,0],"203":[0,0],"204":[0,0],"205":[0,0],"206":[0,0],"207":[0,0],"208":[0,0,0,0],"209":[0,0],"210":[0,0],"211":[0,0],"212":[0,0],"213":[0,0],"214":[0,0],"215":[0,0],"216":[0,0],"217":[0,0],"218":[0,0],"219":[0,0],"220":[0,0],"221":[0,0],"222":[0,0],"223":[0,0],"224":[0,0],"225":[0,0],"226":[0,0],"227":[0,0],"228":[0,0],"229":[0,0],"230":[0,0],"231":[0,0],"232":[0,0],"233":[0,0],"234":[0,0],"235":[0,0],"236":[0,0],"237":[0,0,0],"238":[0,0],"239":[0,0],"240":[0,0],"241":[0,0,0],"242":[0,0],"243":[0,0],"244":[0,0],"245":[0,0],"246":[0,0,0],"247":[0,0],"248":[0,0],"249":[0,0],"250":[0,0],"251":[0,0,0],"252":[0,0],"253":[0,0],"254":[0,0],"255":[0,0],"256":[0,0]},"f":{"1":0,"2":0,"3":0,"4":0,"5":0,"6":0,"7":0,"8":0,"9":0,"10":0,"11":0,"12":0,"13":0,"14":0,"15":0,"16":0,"17":0,"18":0,"19":0,"20":0,"21":0,"22":0,"23":0,"24":0,"25":0,"26":0,"27":0,"28":0,"29":0,"30":0,"31":0,"32":0,"33":0,"34":0,"35":0,"36":0,"37":0,"38":0,"39":0,"40":0,"41":0,"42":0,"43":0,"44":0,"45":0,"46":0,"47":0,"48":0,"49":0,"50":0,"51":0,"52":0,"53":0,"54":0,"55":0,"56":0,"57":0,"58":0,"59":0,"60":0,"61":0,"62":0,"63":0,"64":0,"65":0,"66":0,"67":0,"68":0,"69":0,"70":0,"71":0,"72":0,"73":0,"74":0,"75":0,"76":0,"77":0,"78":0,"79":0,"80":0,"81":0,"82":0,"83":0,"84":0,"85":0,"86":0,"87":0,"88":0,"89":0,"90":0,"91":0,"92":0,"93":0,"94":0,"95":0},"fnMap":{"1":{"name":"getHostArgs","line":50,"loc":{"start":{"line":50,"column":0},"end":{"line":50,"column":30}}},"2":{"name":"encodeArg","line":52,"loc":{"start":{"line":52,"column":2},"end":{"line":52,"column":26}}},"3":{"name":"(anonymous_3)","line":53,"loc":{"start":{"line":53,"column":46},"end":{"line":53,"column":60}}},"4":{"name":"(anonymous_4)","line":58,"loc":{"start":{"line":58,"column":29},"end":{"line":58,"column":44}}},"5":{"name":"(anonymous_5)","line":60,"loc":{"start":{"line":60,"column":30},"end":{"line":60,"column":51}}},"6":{"name":"_execFileSync","line":84,"loc":{"start":{"line":84,"column":0},"end":{"line":84,"column":45}}},"7":{"name":"getTempfile","line":86,"loc":{"start":{"line":86,"column":2},"end":{"line":86,"column":29}}},"8":{"name":"(anonymous_8)","line":128,"loc":{"start":{"line":128,"column":23},"end":{"line":128,"column":37}}},"9":{"name":"(anonymous_9)","line":139,"loc":{"start":{"line":139,"column":23},"end":{"line":139,"column":37}}},"10":{"name":"readlineExt","line":181,"loc":{"start":{"line":181,"column":0},"end":{"line":181,"column":30}}},"11":{"name":"_readlineSync","line":243,"loc":{"start":{"line":243,"column":0},"end":{"line":243,"column":32}}},"12":{"name":"tryExt","line":248,"loc":{"start":{"line":248,"column":2},"end":{"line":248,"column":20}}},"13":{"name":"(anonymous_13)","line":256,"loc":{"start":{"line":256,"column":3},"end":{"line":256,"column":14}}},"14":{"name":"getFsB","line":259,"loc":{"start":{"line":259,"column":4},"end":{"line":259,"column":22}}},"15":{"name":"(anonymous_15)","line":276,"loc":{"start":{"line":276,"column":16},"end":{"line":276,"column":30}}},"16":{"name":"(anonymous_16)","line":336,"loc":{"start":{"line":336,"column":3},"end":{"line":336,"column":14}}},"17":{"name":"setRawMode","line":343,"loc":{"start":{"line":343,"column":4},"end":{"line":343,"column":30}}},"18":{"name":"flattenArray","line":435,"loc":{"start":{"line":435,"column":0},"end":{"line":435,"column":40}}},"19":{"name":"_flattenArray","line":437,"loc":{"start":{"line":437,"column":2},"end":{"line":437,"column":32}}},"20":{"name":"escapePattern","line":450,"loc":{"start":{"line":450,"column":0},"end":{"line":450,"column":32}}},"21":{"name":"(anonymous_21)","line":452,"loc":{"start":{"line":452,"column":4},"end":{"line":452,"column":16}}},"22":{"name":"margeOptions","line":458,"loc":{"start":{"line":458,"column":0},"end":{"line":458,"column":24}}},"23":{"name":"(anonymous_23)","line":470,"loc":{"start":{"line":470,"column":28},"end":{"line":470,"column":59}}},"24":{"name":"(anonymous_24)","line":487,"loc":{"start":{"line":487,"column":24},"end":{"line":487,"column":45}}},"25":{"name":"(anonymous_25)","line":522,"loc":{"start":{"line":522,"column":52},"end":{"line":522,"column":68}}},"26":{"name":"(anonymous_26)","line":526,"loc":{"start":{"line":526,"column":17},"end":{"line":526,"column":33}}},"27":{"name":"isMatched","line":548,"loc":{"start":{"line":548,"column":0},"end":{"line":548,"column":46}}},"28":{"name":"(anonymous_28)","line":549,"loc":{"start":{"line":549,"column":20},"end":{"line":549,"column":35}}},"29":{"name":"replaceHomePath","line":559,"loc":{"start":{"line":559,"column":0},"end":{"line":559,"column":39}}},"30":{"name":"replacePlaceholder","line":569,"loc":{"start":{"line":569,"column":0},"end":{"line":569,"column":45}}},"31":{"name":"getPlaceholderText","line":574,"loc":{"start":{"line":574,"column":2},"end":{"line":574,"column":72}}},"32":{"name":"array2charlist","line":584,"loc":{"start":{"line":584,"column":0},"end":{"line":584,"column":62}}},"33":{"name":"addGroup","line":586,"loc":{"start":{"line":586,"column":2},"end":{"line":586,"column":35}}},"34":{"name":"(anonymous_34)","line":597,"loc":{"start":{"line":597,"column":6},"end":{"line":597,"column":29}}},"35":{"name":"(anonymous_35)","line":598,"loc":{"start":{"line":598,"column":12},"end":{"line":598,"column":38}}},"36":{"name":"joinChunks","line":624,"loc":{"start":{"line":624,"column":0},"end":{"line":624,"column":40}}},"37":{"name":"getPhContent","line":628,"loc":{"start":{"line":628,"column":0},"end":{"line":628,"column":38}}},"38":{"name":"(anonymous_38)","line":661,"loc":{"start":{"line":661,"column":33},"end":{"line":661,"column":49}}},"39":{"name":"(anonymous_39)","line":692,"loc":{"start":{"line":692,"column":30},"end":{"line":692,"column":44}}},"40":{"name":"getPhCharlist","line":704,"loc":{"start":{"line":704,"column":0},"end":{"line":704,"column":30}}},"41":{"name":"parseCl","line":715,"loc":{"start":{"line":715,"column":0},"end":{"line":715,"column":21}}},"42":{"name":"toBool","line":731,"loc":{"start":{"line":731,"column":0},"end":{"line":731,"column":30}}},"43":{"name":"getValidLine","line":739,"loc":{"start":{"line":739,"column":0},"end":{"line":739,"column":31}}},"44":{"name":"_getPhContent","line":743,"loc":{"start":{"line":743,"column":2},"end":{"line":743,"column":32}}},"45":{"name":"addDisplay","line":744,"loc":{"start":{"line":744,"column":2},"end":{"line":744,"column":28}}},"46":{"name":"(anonymous_46)","line":820,"loc":{"start":{"line":820,"column":26},"end":{"line":820,"column":40}}},"47":{"name":"(anonymous_47)","line":821,"loc":{"start":{"line":821,"column":32},"end":{"line":821,"column":46}}},"48":{"name":"(anonymous_48)","line":822,"loc":{"start":{"line":822,"column":31},"end":{"line":822,"column":45}}},"49":{"name":"(anonymous_49)","line":823,"loc":{"start":{"line":823,"column":28},"end":{"line":823,"column":39}}},"50":{"name":"(anonymous_50)","line":827,"loc":{"start":{"line":827,"column":28},"end":{"line":827,"column":46}}},"51":{"name":"(anonymous_51)","line":832,"loc":{"start":{"line":832,"column":19},"end":{"line":832,"column":44}}},"52":{"name":"(anonymous_52)","line":840,"loc":{"start":{"line":840,"column":17},"end":{"line":840,"column":35}}},"53":{"name":"(anonymous_53)","line":846,"loc":{"start":{"line":846,"column":16},"end":{"line":846,"column":41}}},"54":{"name":"(anonymous_54)","line":856,"loc":{"start":{"line":856,"column":50},"end":{"line":856,"column":66}}},"55":{"name":"(anonymous_55)","line":860,"loc":{"start":{"line":860,"column":7},"end":{"line":860,"column":22}}},"56":{"name":"(anonymous_56)","line":864,"loc":{"start":{"line":864,"column":38},"end":{"line":864,"column":59}}},"57":{"name":"(anonymous_57)","line":865,"loc":{"start":{"line":865,"column":61},"end":{"line":865,"column":83}}},"58":{"name":"(anonymous_58)","line":875,"loc":{"start":{"line":875,"column":4},"end":{"line":875,"column":20}}},"59":{"name":"(anonymous_59)","line":882,"loc":{"start":{"line":882,"column":24},"end":{"line":882,"column":49}}},"60":{"name":"(anonymous_60)","line":901,"loc":{"start":{"line":901,"column":30},"end":{"line":901,"column":55}}},"61":{"name":"(anonymous_61)","line":918,"loc":{"start":{"line":918,"column":17},"end":{"line":918,"column":33}}},"62":{"name":"_questionNum","line":960,"loc":{"start":{"line":960,"column":0},"end":{"line":960,"column":46}}},"63":{"name":"getValidValue","line":962,"loc":{"start":{"line":962,"column":2},"end":{"line":962,"column":32}}},"64":{"name":"(anonymous_64)","line":979,"loc":{"start":{"line":979,"column":22},"end":{"line":979,"column":47}}},"65":{"name":"(anonymous_65)","line":980,"loc":{"start":{"line":980,"column":38},"end":{"line":980,"column":54}}},"66":{"name":"(anonymous_66)","line":982,"loc":{"start":{"line":982,"column":24},"end":{"line":982,"column":49}}},"67":{"name":"(anonymous_67)","line":986,"loc":{"start":{"line":986,"column":23},"end":{"line":986,"column":48}}},"68":{"name":"(anonymous_68)","line":999,"loc":{"start":{"line":999,"column":13},"end":{"line":999,"column":29}}},"69":{"name":"mkdirParents","line":1004,"loc":{"start":{"line":1004,"column":8},"end":{"line":1004,"column":39}}},"70":{"name":"(anonymous_70)","line":1005,"loc":{"start":{"line":1005,"column":40},"end":{"line":1005,"column":63}}},"71":{"name":"(anonymous_71)","line":1063,"loc":{"start":{"line":1063,"column":17},"end":{"line":1063,"column":33}}},"72":{"name":"getClHandler","line":1080,"loc":{"start":{"line":1080,"column":0},"end":{"line":1080,"column":47}}},"73":{"name":"(anonymous_73)","line":1083,"loc":{"start":{"line":1083,"column":40},"end":{"line":1083,"column":54}}},"74":{"name":"(anonymous_74)","line":1088,"loc":{"start":{"line":1088,"column":25},"end":{"line":1088,"column":39}}},"75":{"name":"(anonymous_75)","line":1100,"loc":{"start":{"line":1100,"column":24},"end":{"line":1100,"column":35}}},"76":{"name":"(anonymous_76)","line":1107,"loc":{"start":{"line":1107,"column":25},"end":{"line":1107,"column":39}}},"77":{"name":"(anonymous_77)","line":1117,"loc":{"start":{"line":1117,"column":19},"end":{"line":1117,"column":53}}},"78":{"name":"(anonymous_78)","line":1137,"loc":{"start":{"line":1137,"column":21},"end":{"line":1137,"column":53}}},"79":{"name":"(anonymous_79)","line":1152,"loc":{"start":{"line":1152,"column":23},"end":{"line":1152,"column":57}}},"80":{"name":"(anonymous_80)","line":1175,"loc":{"start":{"line":1175,"column":25},"end":{"line":1175,"column":43}}},"81":{"name":"(anonymous_81)","line":1183,"loc":{"start":{"line":1183,"column":25},"end":{"line":1183,"column":36}}},"82":{"name":"_keyInYN","line":1196,"loc":{"start":{"line":1196,"column":0},"end":{"line":1196,"column":41}}},"83":{"name":"(anonymous_83)","line":1216,"loc":{"start":{"line":1216,"column":18},"end":{"line":1216,"column":43}}},"84":{"name":"(anonymous_84)","line":1217,"loc":{"start":{"line":1217,"column":24},"end":{"line":1217,"column":49}}},"85":{"name":"(anonymous_85)","line":1219,"loc":{"start":{"line":1219,"column":21},"end":{"line":1219,"column":46}}},"86":{"name":"(anonymous_86)","line":1238,"loc":{"start":{"line":1238,"column":22},"end":{"line":1238,"column":54}}},"87":{"name":"(anonymous_87)","line":1249,"loc":{"start":{"line":1249,"column":17},"end":{"line":1249,"column":33}}},"88":{"name":"(anonymous_88)","line":1262,"loc":{"start":{"line":1262,"column":16},"end":{"line":1262,"column":34}}},"89":{"name":"(anonymous_89)","line":1290,"loc":{"start":{"line":1290,"column":22},"end":{"line":1290,"column":33}}},"90":{"name":"_setOption","line":1293,"loc":{"start":{"line":1293,"column":0},"end":{"line":1293,"column":38}}},"91":{"name":"(anonymous_91)","line":1298,"loc":{"start":{"line":1298,"column":19},"end":{"line":1298,"column":30}}},"92":{"name":"(anonymous_92)","line":1299,"loc":{"start":{"line":1299,"column":20},"end":{"line":1299,"column":31}}},"93":{"name":"(anonymous_93)","line":1300,"loc":{"start":{"line":1300,"column":22},"end":{"line":1300,"column":33}}},"94":{"name":"(anonymous_94)","line":1301,"loc":{"start":{"line":1301,"column":18},"end":{"line":1301,"column":29}}},"95":{"name":"(anonymous_95)","line":1302,"loc":{"start":{"line":1302,"column":24},"end":{"line":1302,"column":35}}}},"statementMap":{"1":{"start":{"line":11,"column":0},"end":{"line":48,"column":75}},"2":{"start":{"line":50,"column":0},"end":{"line":81,"column":1}},"3":{"start":{"line":52,"column":2},"end":{"line":56,"column":3}},"4":{"start":{"line":53,"column":4},"end":{"line":55,"column":7}},"5":{"start":{"line":54,"column":6},"end":{"line":54,"column":43}},"6":{"start":{"line":58,"column":2},"end":{"line":80,"column":6}},"7":{"start":{"line":59,"column":4},"end":{"line":59,"column":18}},"8":{"start":{"line":60,"column":4},"end":{"line":68,"column":7}},"9":{"start":{"line":61,"column":6},"end":{"line":67,"column":7}},"10":{"start":{"line":62,"column":8},"end":{"line":62,"column":66}},"11":{"start":{"line":62,"column":35},"end":{"line":62,"column":64}},"12":{"start":{"line":63,"column":13},"end":{"line":67,"column":7}},"13":{"start":{"line":64,"column":8},"end":{"line":66,"column":9}},"14":{"start":{"line":65,"column":10},"end":{"line":65,"column":71}},"15":{"start":{"line":69,"column":4},"end":{"line":69,"column":16}},"16":{"start":{"line":84,"column":0},"end":{"line":179,"column":1}},"17":{"start":{"line":86,"column":2},"end":{"line":106,"column":3}},"18":{"start":{"line":87,"column":4},"end":{"line":87,"column":34}},"19":{"start":{"line":88,"column":4},"end":{"line":88,"column":48}},"20":{"start":{"line":90,"column":4},"end":{"line":104,"column":5}},"21":{"start":{"line":91,"column":6},"end":{"line":91,"column":55}},"22":{"start":{"line":92,"column":6},"end":{"line":101,"column":7}},"23":{"start":{"line":93,"column":8},"end":{"line":93,"column":41}},"24":{"start":{"line":95,"column":8},"end":{"line":100,"column":9}},"25":{"start":{"line":96,"column":10},"end":{"line":96,"column":19}},"26":{"start":{"line":97,"column":10},"end":{"line":97,"column":19}},"27":{"start":{"line":99,"column":10},"end":{"line":99,"column":18}},"28":{"start":{"line":102,"column":6},"end":{"line":102,"column":23}},"29":{"start":{"line":103,"column":6},"end":{"line":103,"column":12}},"30":{"start":{"line":105,"column":4},"end":{"line":105,"column":20}},"31":{"start":{"line":108,"column":2},"end":{"line":113,"column":59}},"32":{"start":{"line":115,"column":2},"end":{"line":115,"column":45}},"33":{"start":{"line":116,"column":2},"end":{"line":116,"column":61}},"34":{"start":{"line":117,"column":2},"end":{"line":117,"column":34}},"35":{"start":{"line":118,"column":2},"end":{"line":118,"column":63}},"36":{"start":{"line":120,"column":2},"end":{"line":120,"column":34}},"37":{"start":{"line":121,"column":2},"end":{"line":145,"column":3}},"38":{"start":{"line":122,"column":4},"end":{"line":122,"column":49}},"39":{"start":{"line":123,"column":4},"end":{"line":123,"column":24}},"40":{"start":{"line":125,"column":4},"end":{"line":133,"column":44}},"41":{"start":{"line":128,"column":39},"end":{"line":128,"column":67}},"42":{"start":{"line":135,"column":4},"end":{"line":135,"column":26}},"43":{"start":{"line":136,"column":4},"end":{"line":144,"column":38}},"44":{"start":{"line":139,"column":39},"end":{"line":139,"column":86}},"45":{"start":{"line":146,"column":2},"end":{"line":146,"column":72}},"46":{"start":{"line":146,"column":26},"end":{"line":146,"column":70}},"47":{"start":{"line":147,"column":2},"end":{"line":154,"column":3}},"48":{"start":{"line":148,"column":4},"end":{"line":148,"column":55}},"49":{"start":{"line":150,"column":4},"end":{"line":150,"column":37}},"50":{"start":{"line":151,"column":4},"end":{"line":151,"column":47}},"51":{"start":{"line":152,"column":4},"end":{"line":152,"column":34}},"52":{"start":{"line":153,"column":4},"end":{"line":153,"column":31}},"53":{"start":{"line":156,"column":2},"end":{"line":156,"column":83}},"54":{"start":{"line":157,"column":2},"end":{"line":171,"column":3}},"55":{"start":{"line":159,"column":4},"end":{"line":162,"column":39}},"56":{"start":{"line":164,"column":4},"end":{"line":164,"column":82}},"57":{"start":{"line":165,"column":4},"end":{"line":165,"column":83}},"58":{"start":{"line":166,"column":4},"end":{"line":166,"column":39}},"59":{"start":{"line":167,"column":4},"end":{"line":167,"column":34}},"60":{"start":{"line":168,"column":4},"end":{"line":168,"column":31}},"61":{"start":{"line":169,"column":4},"end":{"line":169,"column":38}},"62":{"start":{"line":170,"column":4},"end":{"line":170,"column":35}},"63":{"start":{"line":173,"column":2},"end":{"line":173,"column":28}},"64":{"start":{"line":174,"column":2},"end":{"line":174,"column":28}},"65":{"start":{"line":175,"column":2},"end":{"line":175,"column":26}},"66":{"start":{"line":176,"column":2},"end":{"line":176,"column":26}},"67":{"start":{"line":178,"column":2},"end":{"line":178,"column":13}},"68":{"start":{"line":181,"column":0},"end":{"line":230,"column":1}},"69":{"start":{"line":182,"column":2},"end":{"line":183,"column":65}},"70":{"start":{"line":185,"column":2},"end":{"line":198,"column":3}},"71":{"start":{"line":186,"column":4},"end":{"line":197,"column":5}},"72":{"start":{"line":187,"column":6},"end":{"line":193,"column":7}},"73":{"start":{"line":188,"column":8},"end":{"line":188,"column":39}},"74":{"start":{"line":189,"column":8},"end":{"line":189,"column":88}},"75":{"start":{"line":191,"column":8},"end":{"line":191,"column":36}},"76":{"start":{"line":192,"column":8},"end":{"line":192,"column":63}},"77":{"start":{"line":195,"column":6},"end":{"line":195,"column":30}},"78":{"start":{"line":196,"column":6},"end":{"line":196,"column":45}},"79":{"start":{"line":199,"column":2},"end":{"line":203,"column":3}},"80":{"start":{"line":202,"column":4},"end":{"line":202,"column":40}},"81":{"start":{"line":205,"column":2},"end":{"line":223,"column":3}},"82":{"start":{"line":206,"column":4},"end":{"line":206,"column":36}},"83":{"start":{"line":207,"column":4},"end":{"line":207,"column":73}},"84":{"start":{"line":207,"column":28},"end":{"line":207,"column":71}},"85":{"start":{"line":208,"column":4},"end":{"line":220,"column":5}},"86":{"start":{"line":209,"column":6},"end":{"line":209,"column":77}},"87":{"start":{"line":211,"column":6},"end":{"line":211,"column":58}},"88":{"start":{"line":212,"column":6},"end":{"line":212,"column":85}},"89":{"start":{"line":213,"column":6},"end":{"line":213,"column":40}},"90":{"start":{"line":214,"column":6},"end":{"line":214,"column":38}},"91":{"start":{"line":215,"column":6},"end":{"line":215,"column":32}},"92":{"start":{"line":216,"column":6},"end":{"line":216,"column":40}},"93":{"start":{"line":217,"column":6},"end":{"line":217,"column":36}},"94":{"start":{"line":218,"column":6},"end":{"line":218,"column":30}},"95":{"start":{"line":219,"column":6},"end":{"line":219,"column":34}},"96":{"start":{"line":222,"column":4},"end":{"line":222,"column":46}},"97":{"start":{"line":224,"column":2},"end":{"line":227,"column":3}},"98":{"start":{"line":225,"column":4},"end":{"line":225,"column":54}},"99":{"start":{"line":226,"column":4},"end":{"line":226,"column":25}},"100":{"start":{"line":229,"column":2},"end":{"line":229,"column":13}},"101":{"start":{"line":243,"column":0},"end":{"line":433,"column":1}},"102":{"start":{"line":244,"column":2},"end":{"line":246,"column":61}},"103":{"start":{"line":248,"column":2},"end":{"line":252,"column":3}},"104":{"start":{"line":249,"column":4},"end":{"line":249,"column":35}},"105":{"start":{"line":250,"column":4},"end":{"line":250,"column":39}},"106":{"start":{"line":250,"column":21},"end":{"line":250,"column":37}},"107":{"start":{"line":251,"column":4},"end":{"line":251,"column":21}},"108":{"start":{"line":254,"column":2},"end":{"line":254,"column":56}},"109":{"start":{"line":254,"column":27},"end":{"line":254,"column":54}},"110":{"start":{"line":256,"column":2},"end":{"line":334,"column":7}},"111":{"start":{"line":257,"column":4},"end":{"line":257,"column":31}},"112":{"start":{"line":259,"column":4},"end":{"line":265,"column":5}},"113":{"start":{"line":260,"column":6},"end":{"line":263,"column":7}},"114":{"start":{"line":261,"column":8},"end":{"line":261,"column":36}},"115":{"start":{"line":262,"column":8},"end":{"line":262,"column":49}},"116":{"start":{"line":264,"column":6},"end":{"line":264,"column":17}},"117":{"start":{"line":267,"column":4},"end":{"line":267,"column":44}},"118":{"start":{"line":267,"column":35},"end":{"line":267,"column":42}},"119":{"start":{"line":268,"column":4},"end":{"line":268,"column":15}},"120":{"start":{"line":270,"column":4},"end":{"line":333,"column":5}},"121":{"start":{"line":276,"column":6},"end":{"line":283,"column":26}},"122":{"start":{"line":277,"column":8},"end":{"line":277,"column":54}},"123":{"start":{"line":278,"column":8},"end":{"line":278,"column":23}},"124":{"start":{"line":279,"column":8},"end":{"line":279,"column":64}},"125":{"start":{"line":279,"column":36},"end":{"line":279,"column":62}},"126":{"start":{"line":280,"column":8},"end":{"line":280,"column":62}},"127":{"start":{"line":280,"column":36},"end":{"line":280,"column":60}},"128":{"start":{"line":281,"column":8},"end":{"line":281,"column":56}},"129":{"start":{"line":281,"column":36},"end":{"line":281,"column":54}},"130":{"start":{"line":282,"column":8},"end":{"line":282,"column":22}},"131":{"start":{"line":284,"column":6},"end":{"line":296,"column":7}},"132":{"start":{"line":286,"column":8},"end":{"line":286,"column":30}},"133":{"start":{"line":287,"column":8},"end":{"line":287,"column":31}},"134":{"start":{"line":288,"column":8},"end":{"line":288,"column":37}},"135":{"start":{"line":290,"column":8},"end":{"line":295,"column":36}},"136":{"start":{"line":293,"column":10},"end":{"line":293,"column":79}},"137":{"start":{"line":294,"column":10},"end":{"line":294,"column":36}},"138":{"start":{"line":298,"column":6},"end":{"line":309,"column":7}},"139":{"start":{"line":299,"column":8},"end":{"line":299,"column":32}},"140":{"start":{"line":301,"column":8},"end":{"line":303,"column":36}},"141":{"start":{"line":302,"column":10},"end":{"line":302,"column":47}},"142":{"start":{"line":304,"column":8},"end":{"line":
[...]
0,"466":0,"470":0,"471":0,"474":0,"476":0,"477":0,"479":0,"481":0,"482":0,"486":0,"487":0,"488":0,"489":0,"490":0,"491":0,"498":0,"499":0,"500":0,"501":0,"504":0,"505":0,"507":0,"516":0,"517":0,"522":0,"523":0,"524":0,"527":0,"529":0,"534":0,"535":0,"539":0,"540":0,"544":0,"548":1,"549":0,"550":0,"551":0,"559":1,"560":0,"563":0,"564":0,"569":1,"570":0,"574":1,"575":0,"576":0,"580":0,"584":1,"585":0,"586":1,"587":0,"588":0,"589":0,"590":0,"591":0,"593":0,"596":0,"597":0,"599":0,"600":0,"601":0,"603":0,"604":0,"606":0,"607":0,"609":0,"611":0,"612":0,"613":0,"615":0,"617":0,"619":0,"620":0,"621":0,"624":1,"625":0,"628":1,"629":0,"630":0,"631":0,"633":0,"634":0,"644":0,"647":0,"656":0,"657":0,"658":0,"659":0,"661":0,"662":0,"663":0,"666":0,"667":0,"670":0,"672":0,"673":0,"675":0,"676":0,"680":0,"681":0,"682":0,"683":0,"684":0,"686":0,"691":0,"692":0,"694":0,"696":0,"697":0,"701":0,"704":1,"705":0,"706":0,"707":0,"708":0,"709":0,"710":0,"711":0,"715":1,"716":0,"718":0,"719":0,"720":0,"721":0,"722":0,"723":0,"725":0,"727":0,"728":0,"731":1,"732":0,"739":1,"740":0,"743":1,"744":1,"746":0,"747":0,"748":0,"749":0,"751":0,"752":0,"753":0,"754":0,"756":0,"758":0,"759":0,"760":0,"761":0,"762":0,"764":0,"767":0,"768":0,"769":0,"770":0,"771":0,"773":0,"774":0,"778":0,"779":0,"780":0,"782":0,"783":0,"784":0,"786":0,"789":0,"790":0,"792":0,"793":0,"794":0,"799":0,"800":0,"801":0,"802":0,"805":0,"806":0,"807":0,"808":0,"809":0,"813":0,"816":0,"820":1,"821":1,"822":1,"823":1,"827":1,"828":0,"829":0,"832":1,"834":0,"840":1,"841":0,"842":0,"843":0,"846":1,"848":0,"856":0,"857":0,"858":0,"860":0,"862":0,"864":0,"865":0,"866":0,"867":0,"868":0,"869":0,"870":0,"874":0,"875":0,"877":0,"882":1,"883":0,"885":0,"901":1,"903":0,"919":0,"927":0,"929":0,"931":0,"932":0,"933":0,"935":0,"936":0,"938":0,"940":0,"944":0,"946":0,"947":0,"948":0,"949":0,"950":0,"952":0,"953":0,"954":0,"957":0,"960":1,"961":0,"962":1,"963":0,"964":0,"967":0,"977":0,"979":1,"980":0,"982":1,"983":0,"986":1,"988":0,"1000":0,"1001":0,"1002":0,"1004":1,"1005":0,"1006":0,"1007":0,"1008":0,"1009":0,"1010":0,"1012":0,"1016":0,"1017":0,"1018":0,"1020":0,"1022":0,"1024":0,"1026":0,"1027":0,"1028":0,"1030":0,"1031":0,"1033":0,"1035":0,"1037":0,"1039":0,"1040":0,"1041":0,"1042":0,"1043":0,"1044":0,"1045":0,"1047":0,"1048":0,"1051":0,"1053":0,"1054":0,"1057":0,"1058":0,"1060":0,"1064":0,"1071":0,"1073":0,"1075":0,"1076":0,"1080":1,"1081":0,"1082":0,"1083":0,"1084":0,"1085":0,"1088":0,"1089":0,"1090":0,"1091":0,"1092":0,"1093":0,"1097":0,"1099":0,"1100":0,"1101":0,"1102":0,"1103":0,"1107":0,"1108":0,"1109":0,"1111":0,"1114":0,"1117":1,"1119":0,"1131":0,"1132":0,"1133":0,"1134":0,"1137":1,"1139":0,"1148":0,"1149":0,"1152":1,"1154":0,"1166":0,"1167":0,"1168":0,"1169":0,"1170":0,"1172":0,"1175":1,"1177":0,"1184":0,"1196":1,"1197":0,"1198":0,"1199":0,"1200":0,"1203":0,"1214":0,"1216":1,"1217":1,"1219":1,"1220":0,"1221":0,"1222":0,"1225":0,"1235":0,"1238":1,"1240":0,"1250":0,"1258":0,"1259":0,"1262":0,"1263":0,"1264":0,"1265":0,"1266":0,"1267":0,"1269":0,"1270":0,"1271":0,"1272":0,"1276":0,"1277":0,"1279":0,"1280":0,"1281":0,"1282":0,"1284":0,"1287":0,"1290":1,"1293":1,"1294":0,"1295":0,"1296":0,"1298":1,"1299":1,"1300":1,"1301":1,"1302":1}},"/home/travis/build/npmtest/node-npmtest-readline-sync/node_modules/readline-sync/lib/encrypt.js":{"path":"/home/travis/build/npmtest/node-npmtest-readline-sync/node_modules/readline-sync/lib/encrypt.js","s":{"1":2,"2":0,"3":0,"4":0,"5":0,"6":0,"7":0,"8":0},"b":{},"f":{"1":0,"2":0,"3":0},"fnMap":{"1":{"name":"(anonymous_1)","line":17,"loc":{"start":{"line":17,"column":17},"end":{"line":17,"column":29}}},"2":{"name":"(anonymous_2)","line":20,"loc":{"start":{"line":20,"column":16},"end":{"line":20,"column":27}}},"3":{"name":"(anonymous_3)","line":21,"loc":{"start":{"line":21,"column":56},"end":{"line":21,"column":67}}}},"statementMap":{"1":{"start":{"line":9,"column":0},"end":{"line":13,"column":15}},"2":{"start":{"line":15,"column":0},"end":{"line":15,"column":15}},"3":{"start":{"line":16,"column":0},"end":{"line":16,"column":26}},"4":{"start":{"line":17,"column":0},"end":{"line":19,"column":3}},"5":{"start":{"line":18,"column":2},"end":{"line":18,"column":45}},"6":{"start":{"line":20,"column":0},"end":{"line":24,"column":3}},"7":{"start":{"line":21,"column":2},"end":{"line":23,"column":5}},"8":{"start":{"line":22,"column":4},"end":{"line":22,"column":20}}},"branchMap":{},"code":["/*"," * readlineSync"," * https://github.com/anseki/readline-sync"," *"," * Copyright (c) 2017 anseki"," * Licensed under the MIT license."," */","","var cipher = require('crypto').createCipher(","      process.argv[2] /*algorithm*/, process.argv[3] /*password*/),","  stdin = process.stdin,","  stdout = process.stdout,","  crypted = '';","","stdin.resume();","stdin.setEncoding('utf8');","stdin.on('data', function(d) {","  crypted += cipher.update(d, 'utf8', 'hex');","});","stdin.on('end', function() {","  stdout.write(crypted + cipher.final('hex'), 'binary', function() {","    process.exit(0);","  });","});",""],"l":{"9":2,"15":0,"16":0,"17":0,"18":0,"20":0,"21":0,"22":0}},"/home/travis/build/npmtest/node-npmtest-readline-sync/node_modules/readline-sync/lib/read.cs.js":{"path":"/home/travis/build/npmtest/node-npmtest-readline-sync/node_modules/readline-sync/lib/read.cs.js","s":{"1":2,"2":2,"3":2,"4":2,"5":0,"6":0,"7":1,"8":0,"9":0,"10":0,"11":0,"12":0,"13":0,"14":0,"15":0,"16":0,"17":0,"18":0,"19":0,"20":0,"21":0,"22":0,"23":0,"24":0,"25":0,"26":0,"27":0,"28":0,"29":0,"30":0,"31":0,"32":0,"33":0,"34":0,"35":0,"36":0,"37":0,"38":0,"39":1,"40":0,"41":0,"42":0,"43":0,"44":0,"45":1,"46":0,"47":0,"48":0,"49":0,"50":0,"51":0,"52":1,"53":0,"54":0,"55":0,"56":0,"57":0,"58":0,"59":0,"60":0,"61":0,"62":1,"63":0,"64":0,"65":0},"b":{"1":[0,0],"2":[0,0],"3":[0,0],"4":[0,0],"5":[0,0],"6":[0,0],"7":[0,0],"8":[0,0],"9":[0,0],"10":[0,0],"11":[0,0],"12":[0,0],"13":[0,0],"14":[0,0],"15":[0,0,0],"16":[0,0],"17":[0,0],"18":[0,0],"19":[0,0],"20":[0,0],"21":[0,0],"22":[0,0],"23":[0,0],"24":[0,0]},"f":{"1":2,"2":2,"3":0,"4":0,"5":0,"6":0,"7":0,"8":0,"9":0},"fnMap":{"1":{"name":"(anonymous_1)","line":17,"loc":{"start":{"line":17,"column":13},"end":{"line":17,"column":28}}},"2":{"name":"(anonymous_2)","line":19,"loc":{"start":{"line":19,"column":7},"end":{"line":19,"column":18}}},"3":{"name":"decodeArg","line":27,"loc":{"start":{"line":27,"column":4},"end":{"line":27,"column":28}}},"4":{"name":"(anonymous_4)","line":28,"loc":{"start":{"line":28,"column":37},"end":{"line":28,"column":61}}},"5":{"name":"writeTTY","line":77,"loc":{"start":{"line":77,"column":0},"end":{"line":77,"column":24}}},"6":{"name":"readByFSO","line":88,"loc":{"start":{"line":88,"column":0},"end":{"line":88,"column":21}}},"7":{"name":"readByPW","line":101,"loc":{"start":{"line":101,"column":0},"end":{"line":101,"column":20}}},"8":{"name":"(anonymous_8)","line":106,"loc":{"start":{"line":106,"column":35},"end":{"line":106,"column":49}}},"9":{"name":"getFso","line":120,"loc":{"start":{"line":120,"column":0},"end":{"line":120,"column":18}}}},"statementMap":{"1":{"start":{"line":11,"column":0},"end":{"line":60,"column":5}},"2":{"start":{"line":18,"column":4},"end":{"line":25,"column":23}},"3":{"start":{"line":20,"column":8},"end":{"line":20,"column":31}},"4":{"start":{"line":21,"column":8},"end":{"line":22,"column":46}},"5":{"start":{"line":22,"column":12},"end":{"line":22,"column":44}},"6":{"start":{"line":23,"column":8},"end":{"line":23,"column":20}},"7":{"start":{"line":27,"column":4},"end":{"line":31,"column":5}},"8":{"start":{"line":28,"column":6},"end":{"line":30,"column":9}},"9":{"start":{"line":29,"column":8},"end":{"line":29,"column":46}},"10":{"start":{"line":33,"column":4},"end":{"line":36,"column":5}},"11":{"start":{"line":34,"column":6},"end":{"line":35,"column":68}},"12":{"start":{"line":35,"column":10},"end":{"line":35,"column":66}},"13":{"start":{"line":38,"column":4},"end":{"line":46,"column":5}},"14":{"start":{"line":39,"column":6},"end":{"line":39,"column":67}},"15":{"start":{"line":39,"column":56},"end":{"line":39,"column":65}},"16":{"start":{"line":40,"column":6},"end":{"line":40,"column":30}},"17":{"start":{"line":41,"column":6},"end":{"line":45,"column":7}},"18":{"start":{"line":42,"column":8},"end":{"line":44,"column":62}},"19":{"start":{"line":47,"column":4},"end":{"line":52,"column":5}},"20":{"start":{"line":48,"column":6},"end":{"line":51,"column":7}},"21":{"start":{"line":49,"column":8},"end":{"line":50,"column":56}},"22":{"start":{"line":49,"column":48},"end":{"line":49,"column":66}},"23":{"start":{"line":50,"column":15},"end":{"line":50,"column":54}},"24":{"start":{"line":53,"column":4},"end":{"line":53,"column":19}},"25":{"start":{"line":62,"column":0},"end":{"line":71,"column":1}},"26":{"start":{"line":63,"column":2},"end":{"line":63,"column":53}},"27":{"start":{"line":63,"column":25},"end":{"line":63,"column":51}},"28":{"start":{"line":64,"column":2},"end":{"line":64,"column":52}},"29":{"start":{"line":64,"column":30},"end":{"line":64,"column":50}},"30":{"start":{"line":65,"column":7},"end":{"line":71,"column":1}},"31":{"start":{"line":66,"column":2},"end":{"line":66,"column":53}},"32":{"start":{"line":66,"column":25},"end":{"line":66,"column":51}},"33":{"start":{"line":67,"column":2},"end":{"line":67,"column":51}},"34":{"start":{"line":67,"column":30},"end":{"line":67,"column":49}},"35":{"start":{"line":69,"column":2},"end":{"line":69,"column":35}},"36":{"start":{"line":70,"column":2},"end":{"line":70,"column":18}},"37":{"start":{"line":73,"column":0},"end":{"line":73,"column":42}},"38":{"start":{"line":75,"column":0},"end":{"line":75,"column":15}},"39":{"start":{"line":77,"column":0},"end":{"line":86,"column":1}},"40":{"start":{"line":78,"column":2},"end":{"line":85,"column":3}},"41":{"start":{"line":79,"column":4},"end":{"line":79,"column":72}},"42":{"start":{"line":80,"column":4},"end":{"line":80,"column":20}},"43":{"start":{"line":82,"column":4},"end":{"line":83,"column":44}},"44":{"start":{"line":84,"column":4},"end":{"line":84,"column":32}},"45":{"start":{"line":88,"column":0},"end":{"line":98,"column":1}},"46":{"start":{"line":89,"column":2},"end":{"line":89,"column":11}},"47":{"start":{"line":90,"column":2},"end":{"line":96,"column":3}},"48":{"start":{"line":91,"column":4},"end":{"line":91,"column":70}},"49":{"start":{"line":93,"column":4},"end":{"line":94,"column":44}},"50":{"start":{"line":95,"column":4},"end":{"line":95,"column":32}},"51":{"start":{"line":97,"column":2},"end":{"line":97,"column":14}},"52":{"start":{"line":101,"column":0},"end":{"line":118,"column":1}},"53":{"start":{"line":102,"column":2},"end":{"line":102,"column":11}},"54":{"start":{"line":103,"column":2},"end":{"line":115,"column":3}},"55":{"start":{"line":104,"column":4},"end":{"line":110,"column":9}},"56":{"start":{"line":107,"column":8},"end":{"line":107,"column":41}},"57":{"start":{"line":108,"column":8},"end":{"line":109,"column":54}},"58":{"start":{"line":112,"column":4},"end":{"line":113,"column":44}},"59":{"start":{"line":114,"column":4},"end":{"line":114,"column":32}},"60":{"start":{"line":116,"column":2},"end":{"line":116,"column":17}},"61":{"start":{"line":117,"column":2},"end":{"line":117,"column":14}},"62":{"start":{"line":120,"column":0},"end":{"line":123,"column":1}},"63":{"start":{"line":121,"column":2},"end":{"line":121,"column":70}},"64":{"start":{"line":121,"column":14},"end":{"line":121,"column":68}},"65":{"start":{"line":122,"column":2},"end":{"line":122,"column":13}}},"branchMap":{"1":{"line":34,"type":"if","locations":[{"start":{"line":34,"column":6},"end":{"line":34,"column":6}},{"start":{"line":34,"column":6},"end":{"line":34,"column":6}}]},"2":{"line":39,"type":"if","locations":[{"start":{"line":39,"column":6},"end":{"line":39,"column":6}},{"start":{"line":39,"column":6},"end":{"line":39,"column":6}}]},"3":{"line":39,"type":"binary-expr","locations":[{"start":{"line":39,"column":19},"end":{"line":39,"column":41}},{"start":{"line":39,"column":45},"end":{"line":39,"column":47}}]},"4":{"line":41,"type":"if","locations":[{"start":{"line":41,"column":6},"end":{"line":41,"column":6}},{"start":{"line":41,"column":6},"end":{"line":41,"column":6}}]},"5":{"line":43,"type":"cond-expr","locations":[{"start":{"line":43,"column":43},"end":{"line":43,"column":47}},{"start":{"line":44,"column":10},"end":{"line":44,"column":61}}]},"6":{"line":44,"type":"cond-expr","locations":[{"start":{"line":44,"column":42},"end":{"line":44,"column":54}},{"start":{"line":44,"column":57},"end":{"line":44,"column":61}}]},"7":{"line":48,"type":"if","locations":[{"start":{"line":48,"column":6},"end":{"line":48,"column":6}},{"start":{"line":48,"column":6},"end":{"line":48,"column":6}}]},"8":{"line":48,"type":"binary-expr","locations":[{"start":{"line":48,"column":10},"end":{"line":48,"column":34}},{"start":{"line":48,"column":38},"end":{"line":48,"column":60}}]},"9":{"line":49,"type":"if","locations":[{"start":{"line":49,"column":8},"end":{"line":49,"column":8}},{"start":{"line":49,"column":8},"end":{"line":49,"column":8}}]},"10":{"line":62,"type":"if","locations":[{"start":{"line":62,"column":0},"end":{"line":62,"column":0}},{"start":{"line":62,"column":0},"end":{"line":62,"column":0}}]},"11":{"line":62,"type":"binary-expr","locations":[{"start":{"line":62,"column":4},"end":{"line":62,"column":25}},{"start":{"line":62,"column":29},"end":{"line":62,"column":43}}]},"12":{"line":63,"type":"if","locations":[{"start":{"line":63,"column":2},"end":{"line":63,"column":2}},{"start":{"line":63,"column":2},"end":{"line":63,"column":2}}]},"13":{"line":64,"type":"if","locations":[{"start":{"line":64,"column":2},"end":{"line":64,"column":2}},{"start":{"line":64,"column":2},"end":{"line":64,"column":2}}]},"14":{"line":65,"type":"if","locations":[{"start":{"line":65,"column":7},"end":{"line":65,"column":7}},{"start":{"line":65,"column":7},"end":{"line":65,"column":7}}]},"15":{"line":65,"type":"binary-expr","locations":[{"start":{"line":65,"column":11},"end":{"line":65,"column":31}},{"start":{"line":65,"column":35},"end":{"line":65,"column":49}},{"start":{"line":65,"column":53},"end":{"line":65,"column":66}}]},"16":{"line":66,"type":"if","locations":[{"start":{"line":66,"column":2},"end":{"line":66,"column":2}},{"start":{"line":66,"column":2},"end":{"line":66,"column":2}}]},"17":{"line":67,"type":"if","locations":[{"start":{"line":67,"column":2},"end":{"line":67,"column":2}},{"start":{"line":67,"column":2},"end":{"line":67,"column":2}}]},"18":{"line":79,"type":"binary-expr","locations":[{"start":{"line":79,"column":10},"end":{"line":79,"column":13}},{"start":{"line":79,"column":17},"end":{"line":79,"column":71}}]},"19":{"line":84,"type":"binary-expr","locations":[{"start":{"line":84,"column":17},"end":{"line":84,"column":25}},{"start":{"line":84,"column":29},"end":{"line":84,"column":30}}]},"20":{"line":95,"type":"binary-expr","locations":[{"start":{"line":95,"column":17},"end":{"line":95,"column":25}},{"start":{"line":95,"column":29},"end":{"line":95,"column":30}}]},"21":{"line":108,"type":"cond-expr","locations":[{"start":{"line":109,"column":10},"end":{"line":109,"column":48}},{"start":{"line":109,"column":51},"end":{"line":109,"column":53}}]},"22":{"line":108,"type":"binary-expr","locations":[{"start":{"line":108,"column":15},"end":{"line":108,"column":33}},{"start":{"line":108,"column":37},"end":{"line":108,"column":55}}]},"23":{"line":114,"type":"binary-expr","locations":[{"start":{"line":114,"column":17},"end":{"line":114,"column":25}},{"start":{"line":114,"column":29},"end":{"line":114,"column":30}}]},"24":{"line":121,"type":"if","locations":[{"start":{"line":121,"column":2},"end":{"line":121,"column":2}},{"start":{"line":121,"column":2},"end":{"line":121,"column":2}}]}},"code":["/* jshint wsh:true */","","/*"," * readlineSync"," * https://github.com/anseki/readline-sync"," *"," * Copyright (c) 2017 anseki"," * Licensed under the MIT license."," */","","var","  FSO_ForReading = 1, FSO_ForWriting = 2,","  PS_MSG = 'Microsoft Windows PowerShell is required.' +","    ' https://technet.microsoft.com/en-us/library/hh847837.aspx',","","  input = '', fso, tty,","  options = (function(conf) {","    var options = {}, arg, args =// Array.prototype.slice.call(WScript.Arguments),","      (function() {","        var args = [], i, iLen;","        for (i = 0, iLen = WScript.Arguments.length; i < iLen; i++)","          { args.push(WScript.Arguments(i)); }","        return args;","      })(),","      confLc = {}, key;","","    function decodeArg(arg) {","      return arg.replace(/#(\\d+);/g, function(str, charCode) {","        return String.fromCharCode(+charCode);","      });","    }","","    for (key in conf) {","      if (conf.hasOwnProperty(key))","        { confLc[key.toLowerCase()] = {key: key, type: conf[key]}; }","    }","","    while (typeof(arg = args.shift()) === 'string') {","      if (!(arg = (arg.match(/^\\-+(.+)$/) || [])[1])) { continue; }","      arg = arg.toLowerCase();","      if (confLc[arg]) {","        options[confLc[arg].key] =","          confLc[arg].type === 'boolean' ? true :","          confLc[arg].type === 'string' ? args.shift() : null;","      }","    }","    for (key in conf) {","      if (conf.hasOwnProperty(key) && conf[key] === 'string') {","        if (typeof options[key] !== 'string') { options[key] = ''; }","        else { options[key] = decodeArg(options[key]); }","      }","    }","    return options;","  })({","    display:        'string',","    displayOnly:    'boolean',","    keyIn:          'boolean',","    hideEchoBack:   'boolean',","    mask:           'string'","  });","","if (!options.hideEchoBack && !options.keyIn) {","  if (options.display) { writeTTY(options.display); }","  if (!options.displayOnly) { input = readByFSO(); }","} else if (options.hideEchoBack && !options.keyIn && !options.mask) {","  if (options.display) { writeTTY(options.display); }","  if (!options.displayOnly) { input = readByPW(); }","} else {","  WScript.StdErr.WriteLine(PS_MSG);","  WScript.Quit(1);","}","","WScript.StdOut.Write('\\'' + input + '\\'');","","WScript.Quit();","","function writeTTY(text) {","  try {","    tty = tty || getFso().OpenTextFile('CONOUT$', FSO_ForWriting, true);","    tty.Write(text);","  } catch (e) {","    WScript.StdErr.WriteLine('TTY Write Error: ' + e.number +","      '\\n' + e.description + '\\n' + PS_MSG);","    WScript.Quit(e.number || 1);","  }","}","","function readByFSO() {","  var text;","  try {","    text = getFso().OpenTextFile('CONIN$', FSO_ForReading).ReadLine();","  } catch (e) {","    WScript.StdErr.WriteLine('TTY Read Error: ' + e.number +","      '\\n' + e.description + '\\n' + PS_MSG);","    WScript.Quit(e.number || 1);","  }","  return text;","}","","// TTY must be STDIN that is not redirected and not piped.","function readByPW() {","  var text;","  try {","    text = WScript.CreateObject('ScriptPW.Password').GetPassword()","      // Bug? Illegal data may be returned when user types before initializing.","      .replace(/[\\u4000-\\u40FF]/g, function(chr) {","        var charCode = chr.charCodeAt(0);","        return charCode >= 0x4020 && charCode <= 0x407F ?","          String.fromCharCode(charCode - 0x4000) : '';","      });","  } catch (e) {","    WScript.StdErr.WriteLine('ScriptPW.Password Error: ' + e.number +","      '\\n' + e.description + '\\n' + PS_MSG);","    WScript.Quit(e.number || 1);","  }","  writeTTY('\\n');","  return text;","}","","function getFso() {","  if (!fso) { fso = new ActiveXObject('Scripting.FileSystemObject'); }","  return fso;","}",""],"l":{"11":2,"18":2,"20":2,"21":2,"22":0,"23":0,"27":1,"28":0,"29":0,"33":0,"34":0,"35":0,"38":0,"39":0,"40":0,"41":0,"42":0,"47":0,"48":0,"49":0,"50":0,"53":0,"62":0,"63":0,"64":0,"65":0,"66":0,"67":0,"69":0,"70":0,"73":0,"75":0,"77":1,"78":0,"79":0,"80":0,"82":0,"84":0,"88":1,"89":0,"90":0,"91":0,"93":0,"95":0,"97":0,"101":1,"102":0,"103":0,"104":0,"107":0,"108":0,"112":0,"114":0,"116":0,"117":0,"120":1,"121":0,"122":0}}}